Using Spark's default log4j profile: org/apache/spark/log4j-defaults.properties
17/10/12 21:37:30 WARN Utils: Your hostname, host0 resolves to a loopback address: 127.0.1.1; using 172.27.154.144 instead (on interface wlp9s0)
17/10/12 21:37:30 WARN Utils: Set SPARK_LOCAL_IP if you need to bind to another address
17/10/12 21:37:30 INFO SparkContext: Running Spark version 2.1.0
17/10/12 21:37:30 WARN NativeCodeLoader: Unable to load native-hadoop library for your platform... using builtin-java classes where applicable
17/10/12 21:37:31 INFO SecurityManager: Changing view acls to: host0
17/10/12 21:37:31 INFO SecurityManager: Changing modify acls to: host0
17/10/12 21:37:31 INFO SecurityManager: Changing view acls groups to: 
17/10/12 21:37:31 INFO SecurityManager: Changing modify acls groups to: 
17/10/12 21:37:31 INFO SecurityManager: SecurityManager: authentication disabled; ui acls disabled; users  with view permissions: Set(host0); groups with view permissions: Set(); users  with modify permissions: Set(host0); groups with modify permissions: Set()
17/10/12 21:37:31 INFO Utils: Successfully started service 'sparkDriver' on port 37946.
17/10/12 21:37:31 INFO SparkEnv: Registering MapOutputTracker
17/10/12 21:37:31 INFO SparkEnv: Registering BlockManagerMaster
17/10/12 21:37:31 INFO BlockManagerMasterEndpoint: Using org.apache.spark.storage.DefaultTopologyMapper for getting topology information
17/10/12 21:37:31 INFO BlockManagerMasterEndpoint: BlockManagerMasterEndpoint up
17/10/12 21:37:31 INFO DiskBlockManager: Created local directory at /tmp/blockmgr-7c2e07e6-516e-45d1-af77-81274e4252f3
17/10/12 21:37:31 INFO MemoryStore: MemoryStore started with capacity 366.3 MB
17/10/12 21:37:31 INFO SparkEnv: Registering OutputCommitCoordinator
17/10/12 21:37:31 INFO Utils: Successfully started service 'SparkUI' on port 4040.
17/10/12 21:37:31 INFO SparkUI: Bound SparkUI to 0.0.0.0, and started at http://172.27.154.144:4040
17/10/12 21:37:31 INFO SparkContext: Added file file:/home/host0/Desktop/wf_project/wells_fargo_data_mining/ml_model/random_forest.py at file:/home/host0/Desktop/wf_project/wells_fargo_data_mining/ml_model/random_forest.py with timestamp 1507869451495
17/10/12 21:37:31 INFO Utils: Copying /home/host0/Desktop/wf_project/wells_fargo_data_mining/ml_model/random_forest.py to /tmp/spark-1a65cb43-89b5-4622-99ea-bccf36246238/userFiles-d3db4239-2108-424e-a829-5a5ee8a40b28/random_forest.py
17/10/12 21:37:31 INFO Executor: Starting executor ID driver on host localhost
17/10/12 21:37:31 INFO Utils: Successfully started service 'org.apache.spark.network.netty.NettyBlockTransferService' on port 38908.
17/10/12 21:37:31 INFO NettyBlockTransferService: Server created on 172.27.154.144:38908
17/10/12 21:37:31 INFO BlockManager: Using org.apache.spark.storage.RandomBlockReplicationPolicy for block replication policy
17/10/12 21:37:31 INFO BlockManagerMaster: Registering BlockManager BlockManagerId(driver, 172.27.154.144, 38908, None)
17/10/12 21:37:31 INFO BlockManagerMasterEndpoint: Registering block manager 172.27.154.144:38908 with 366.3 MB RAM, BlockManagerId(driver, 172.27.154.144, 38908, None)
17/10/12 21:37:31 INFO BlockManagerMaster: Registered BlockManager BlockManagerId(driver, 172.27.154.144, 38908, None)
17/10/12 21:37:31 INFO BlockManager: Initialized BlockManager: BlockManagerId(driver, 172.27.154.144, 38908, None)
17/10/12 21:37:31 INFO SharedState: Warehouse path is 'file:/home/host0/Desktop/wf_project/wells_fargo_data_mining/spark-warehouse/'.
17/10/12 21:37:32 INFO MemoryStore: Block broadcast_0 stored as values in memory (estimated size 127.1 KB, free 366.2 MB)
17/10/12 21:37:32 INFO MemoryStore: Block broadcast_0_piece0 stored as bytes in memory (estimated size 14.3 KB, free 366.2 MB)
17/10/12 21:37:32 INFO BlockManagerInfo: Added broadcast_0_piece0 in memory on 172.27.154.144:38908 (size: 14.3 KB, free: 366.3 MB)
17/10/12 21:37:32 INFO SparkContext: Created broadcast 0 from textFile at MLUtils.scala:99
17/10/12 21:37:32 INFO FileInputFormat: Total input paths to process : 1
17/10/12 21:37:32 INFO SparkContext: Starting job: reduce at MLUtils.scala:92
17/10/12 21:37:32 INFO DAGScheduler: Got job 0 (reduce at MLUtils.scala:92) with 8 output partitions
17/10/12 21:37:32 INFO DAGScheduler: Final stage: ResultStage 0 (reduce at MLUtils.scala:92)
17/10/12 21:37:32 INFO DAGScheduler: Parents of final stage: List()
17/10/12 21:37:32 INFO DAGScheduler: Missing parents: List()
17/10/12 21:37:32 INFO DAGScheduler: Submitting ResultStage 0 (MapPartitionsRDD[5] at map at MLUtils.scala:90), which has no missing parents
17/10/12 21:37:32 INFO MemoryStore: Block broadcast_1 stored as values in memory (estimated size 4.1 KB, free 366.2 MB)
17/10/12 21:37:32 INFO MemoryStore: Block broadcast_1_piece0 stored as bytes in memory (estimated size 2.3 KB, free 366.2 MB)
17/10/12 21:37:32 INFO BlockManagerInfo: Added broadcast_1_piece0 in memory on 172.27.154.144:38908 (size: 2.3 KB, free: 366.3 MB)
17/10/12 21:37:32 INFO SparkContext: Created broadcast 1 from broadcast at DAGScheduler.scala:996
17/10/12 21:37:32 INFO DAGScheduler: Submitting 8 missing tasks from ResultStage 0 (MapPartitionsRDD[5] at map at MLUtils.scala:90)
17/10/12 21:37:32 INFO TaskSchedulerImpl: Adding task set 0.0 with 8 tasks
17/10/12 21:37:32 INFO TaskSetManager: Starting task 0.0 in stage 0.0 (TID 0, localhost, executor driver, partition 0, PROCESS_LOCAL, 6118 bytes)
17/10/12 21:37:32 INFO TaskSetManager: Starting task 1.0 in stage 0.0 (TID 1, localhost, executor driver, partition 1, PROCESS_LOCAL, 6118 bytes)
17/10/12 21:37:32 INFO TaskSetManager: Starting task 2.0 in stage 0.0 (TID 2, localhost, executor driver, partition 2, PROCESS_LOCAL, 6118 bytes)
17/10/12 21:37:32 INFO TaskSetManager: Starting task 3.0 in stage 0.0 (TID 3, localhost, executor driver, partition 3, PROCESS_LOCAL, 6118 bytes)
17/10/12 21:37:32 INFO TaskSetManager: Starting task 4.0 in stage 0.0 (TID 4, localhost, executor driver, partition 4, PROCESS_LOCAL, 6118 bytes)
17/10/12 21:37:32 INFO TaskSetManager: Starting task 5.0 in stage 0.0 (TID 5, localhost, executor driver, partition 5, PROCESS_LOCAL, 6118 bytes)
17/10/12 21:37:32 INFO TaskSetManager: Starting task 6.0 in stage 0.0 (TID 6, localhost, executor driver, partition 6, PROCESS_LOCAL, 6118 bytes)
17/10/12 21:37:32 INFO TaskSetManager: Starting task 7.0 in stage 0.0 (TID 7, localhost, executor driver, partition 7, PROCESS_LOCAL, 6118 bytes)
17/10/12 21:37:32 INFO Executor: Running task 3.0 in stage 0.0 (TID 3)
17/10/12 21:37:32 INFO Executor: Running task 4.0 in stage 0.0 (TID 4)
17/10/12 21:37:32 INFO Executor: Running task 0.0 in stage 0.0 (TID 0)
17/10/12 21:37:32 INFO Executor: Running task 2.0 in stage 0.0 (TID 2)
17/10/12 21:37:32 INFO Executor: Running task 5.0 in stage 0.0 (TID 5)
17/10/12 21:37:32 INFO Executor: Running task 6.0 in stage 0.0 (TID 6)
17/10/12 21:37:32 INFO Executor: Running task 7.0 in stage 0.0 (TID 7)
17/10/12 21:37:32 INFO Executor: Running task 1.0 in stage 0.0 (TID 1)
17/10/12 21:37:32 INFO Executor: Fetching file:/home/host0/Desktop/wf_project/wells_fargo_data_mining/ml_model/random_forest.py with timestamp 1507869451495
17/10/12 21:37:32 INFO Utils: /home/host0/Desktop/wf_project/wells_fargo_data_mining/ml_model/random_forest.py has been previously copied to /tmp/spark-1a65cb43-89b5-4622-99ea-bccf36246238/userFiles-d3db4239-2108-424e-a829-5a5ee8a40b28/random_forest.py
17/10/12 21:37:32 INFO HadoopRDD: Input split: file:/home/host0/Desktop/wf_project/wells_fargo_data_mining/data/test.libsvm:804+134
17/10/12 21:37:32 INFO HadoopRDD: Input split: file:/home/host0/Desktop/wf_project/wells_fargo_data_mining/data/test.libsvm:536+134
17/10/12 21:37:32 INFO HadoopRDD: Input split: file:/home/host0/Desktop/wf_project/wells_fargo_data_mining/data/test.libsvm:268+134
17/10/12 21:37:32 INFO HadoopRDD: Input split: file:/home/host0/Desktop/wf_project/wells_fargo_data_mining/data/test.libsvm:402+134
17/10/12 21:37:32 INFO HadoopRDD: Input split: file:/home/host0/Desktop/wf_project/wells_fargo_data_mining/data/test.libsvm:134+134
17/10/12 21:37:32 INFO HadoopRDD: Input split: file:/home/host0/Desktop/wf_project/wells_fargo_data_mining/data/test.libsvm:0+134
17/10/12 21:37:32 INFO HadoopRDD: Input split: file:/home/host0/Desktop/wf_project/wells_fargo_data_mining/data/test.libsvm:670+134
17/10/12 21:37:32 INFO HadoopRDD: Input split: file:/home/host0/Desktop/wf_project/wells_fargo_data_mining/data/test.libsvm:938+140
17/10/12 21:37:32 INFO deprecation: mapred.tip.id is deprecated. Instead, use mapreduce.task.id
17/10/12 21:37:32 INFO deprecation: mapred.task.id is deprecated. Instead, use mapreduce.task.attempt.id
17/10/12 21:37:32 INFO deprecation: mapred.task.is.map is deprecated. Instead, use mapreduce.task.ismap
17/10/12 21:37:32 INFO deprecation: mapred.task.partition is deprecated. Instead, use mapreduce.task.partition
17/10/12 21:37:32 INFO deprecation: mapred.job.id is deprecated. Instead, use mapreduce.job.id
17/10/12 21:37:32 INFO deprecation: mapred.task.id is deprecated. Instead, use mapreduce.task.attempt.id
17/10/12 21:37:32 INFO deprecation: mapred.tip.id is deprecated. Instead, use mapreduce.task.id
17/10/12 21:37:32 INFO deprecation: mapred.tip.id is deprecated. Instead, use mapreduce.task.id
17/10/12 21:37:32 INFO deprecation: mapred.tip.id is deprecated. Instead, use mapreduce.task.id
17/10/12 21:37:32 INFO Executor: Finished task 6.0 in stage 0.0 (TID 6). 1201 bytes result sent to driver
17/10/12 21:37:32 INFO Executor: Finished task 3.0 in stage 0.0 (TID 3). 1201 bytes result sent to driver
17/10/12 21:37:32 INFO Executor: Finished task 1.0 in stage 0.0 (TID 1). 1201 bytes result sent to driver
17/10/12 21:37:32 INFO Executor: Finished task 4.0 in stage 0.0 (TID 4). 1201 bytes result sent to driver
17/10/12 21:37:32 INFO Executor: Finished task 2.0 in stage 0.0 (TID 2). 1201 bytes result sent to driver
17/10/12 21:37:32 INFO Executor: Finished task 0.0 in stage 0.0 (TID 0). 1201 bytes result sent to driver
17/10/12 21:37:32 INFO Executor: Finished task 7.0 in stage 0.0 (TID 7). 1201 bytes result sent to driver
17/10/12 21:37:32 INFO Executor: Finished task 5.0 in stage 0.0 (TID 5). 1201 bytes result sent to driver
17/10/12 21:37:32 INFO TaskSetManager: Finished task 6.0 in stage 0.0 (TID 6) in 72 ms on localhost (executor driver) (1/8)
17/10/12 21:37:32 INFO TaskSetManager: Finished task 0.0 in stage 0.0 (TID 0) in 93 ms on localhost (executor driver) (2/8)
17/10/12 21:37:32 INFO TaskSetManager: Finished task 7.0 in stage 0.0 (TID 7) in 73 ms on localhost (executor driver) (3/8)
17/10/12 21:37:32 INFO TaskSetManager: Finished task 2.0 in stage 0.0 (TID 2) in 78 ms on localhost (executor driver) (4/8)
17/10/12 21:37:32 INFO TaskSetManager: Finished task 4.0 in stage 0.0 (TID 4) in 77 ms on localhost (executor driver) (5/8)
17/10/12 21:37:32 INFO TaskSetManager: Finished task 1.0 in stage 0.0 (TID 1) in 80 ms on localhost (executor driver) (6/8)
17/10/12 21:37:32 INFO TaskSetManager: Finished task 3.0 in stage 0.0 (TID 3) in 79 ms on localhost (executor driver) (7/8)
17/10/12 21:37:32 INFO TaskSetManager: Finished task 5.0 in stage 0.0 (TID 5) in 78 ms on localhost (executor driver) (8/8)
17/10/12 21:37:32 INFO DAGScheduler: ResultStage 0 (reduce at MLUtils.scala:92) finished in 0.104 s
17/10/12 21:37:32 INFO TaskSchedulerImpl: Removed TaskSet 0.0, whose tasks have all completed, from pool 
17/10/12 21:37:32 INFO DAGScheduler: Job 0 finished: reduce at MLUtils.scala:92, took 0.158784 s
17/10/12 21:37:32 INFO BlockManagerInfo: Removed broadcast_1_piece0 on 172.27.154.144:38908 in memory (size: 2.3 KB, free: 366.3 MB)
17/10/12 21:37:33 INFO FileSourceStrategy: Pruning directories with: 
17/10/12 21:37:33 INFO FileSourceStrategy: Post-Scan Filters: 
17/10/12 21:37:33 INFO FileSourceStrategy: Output Data Schema: struct<label: double>
17/10/12 21:37:33 INFO FileSourceStrategy: Pushed Filters: 
17/10/12 21:37:33 INFO BlockManagerInfo: Removed broadcast_0_piece0 on 172.27.154.144:38908 in memory (size: 14.3 KB, free: 366.3 MB)
17/10/12 21:37:33 INFO CodeGenerator: Code generated in 229.237229 ms
17/10/12 21:37:33 INFO MemoryStore: Block broadcast_2 stored as values in memory (estimated size 134.6 KB, free 366.2 MB)
17/10/12 21:37:33 INFO MemoryStore: Block broadcast_2_piece0 stored as bytes in memory (estimated size 14.7 KB, free 366.2 MB)
17/10/12 21:37:33 INFO BlockManagerInfo: Added broadcast_2_piece0 in memory on 172.27.154.144:38908 (size: 14.7 KB, free: 366.3 MB)
17/10/12 21:37:33 INFO SparkContext: Created broadcast 2 from broadcast at LibSVMRelation.scala:159
17/10/12 21:37:33 INFO FileSourceScanExec: Planning scan with bin packing, max size: 4194304 bytes, open cost is considered as scanning 4194304 bytes.
17/10/12 21:37:33 INFO SparkContext: Starting job: countByValue at StringIndexer.scala:92
17/10/12 21:37:33 INFO DAGScheduler: Registering RDD 12 (countByValue at StringIndexer.scala:92)
17/10/12 21:37:33 INFO DAGScheduler: Got job 1 (countByValue at StringIndexer.scala:92) with 1 output partitions
17/10/12 21:37:33 INFO DAGScheduler: Final stage: ResultStage 2 (countByValue at StringIndexer.scala:92)
17/10/12 21:37:33 INFO DAGScheduler: Parents of final stage: List(ShuffleMapStage 1)
17/10/12 21:37:33 INFO DAGScheduler: Missing parents: List(ShuffleMapStage 1)
17/10/12 21:37:33 INFO DAGScheduler: Submitting ShuffleMapStage 1 (MapPartitionsRDD[12] at countByValue at StringIndexer.scala:92), which has no missing parents
17/10/12 21:37:33 INFO MemoryStore: Block broadcast_3 stored as values in memory (estimated size 13.2 KB, free 366.1 MB)
17/10/12 21:37:33 INFO MemoryStore: Block broadcast_3_piece0 stored as bytes in memory (estimated size 6.9 KB, free 366.1 MB)
17/10/12 21:37:33 INFO BlockManagerInfo: Added broadcast_3_piece0 in memory on 172.27.154.144:38908 (size: 6.9 KB, free: 366.3 MB)
17/10/12 21:37:33 INFO SparkContext: Created broadcast 3 from broadcast at DAGScheduler.scala:996
17/10/12 21:37:33 INFO DAGScheduler: Submitting 1 missing tasks from ShuffleMapStage 1 (MapPartitionsRDD[12] at countByValue at StringIndexer.scala:92)
17/10/12 21:37:33 INFO TaskSchedulerImpl: Adding task set 1.0 with 1 tasks
17/10/12 21:37:33 INFO TaskSetManager: Starting task 0.0 in stage 1.0 (TID 8, localhost, executor driver, partition 0, PROCESS_LOCAL, 6620 bytes)
17/10/12 21:37:33 INFO Executor: Running task 0.0 in stage 1.0 (TID 8)
17/10/12 21:37:33 INFO CodeGenerator: Code generated in 9.520998 ms
17/10/12 21:37:33 INFO FileScanRDD: Reading File path: file:///home/host0/Desktop/wf_project/wells_fargo_data_mining/data/test.libsvm, range: 0-1078, partition values: [empty row]
17/10/12 21:37:33 INFO CodeGenerator: Code generated in 6.13596 ms
17/10/12 21:37:33 INFO CodeGenerator: Code generated in 23.917549 ms
17/10/12 21:37:33 INFO Executor: Finished task 0.0 in stage 1.0 (TID 8). 2056 bytes result sent to driver
17/10/12 21:37:33 INFO TaskSetManager: Finished task 0.0 in stage 1.0 (TID 8) in 117 ms on localhost (executor driver) (1/1)
17/10/12 21:37:33 INFO TaskSchedulerImpl: Removed TaskSet 1.0, whose tasks have all completed, from pool 
17/10/12 21:37:33 INFO DAGScheduler: ShuffleMapStage 1 (countByValue at StringIndexer.scala:92) finished in 0.118 s
17/10/12 21:37:33 INFO DAGScheduler: looking for newly runnable stages
17/10/12 21:37:33 INFO DAGScheduler: running: Set()
17/10/12 21:37:33 INFO DAGScheduler: waiting: Set(ResultStage 2)
17/10/12 21:37:33 INFO DAGScheduler: failed: Set()
17/10/12 21:37:33 INFO DAGScheduler: Submitting ResultStage 2 (ShuffledRDD[13] at countByValue at StringIndexer.scala:92), which has no missing parents
17/10/12 21:37:33 INFO MemoryStore: Block broadcast_4 stored as values in memory (estimated size 3.2 KB, free 366.1 MB)
17/10/12 21:37:33 INFO MemoryStore: Block broadcast_4_piece0 stored as bytes in memory (estimated size 1971.0 B, free 366.1 MB)
17/10/12 21:37:33 INFO BlockManagerInfo: Added broadcast_4_piece0 in memory on 172.27.154.144:38908 (size: 1971.0 B, free: 366.3 MB)
17/10/12 21:37:33 INFO SparkContext: Created broadcast 4 from broadcast at DAGScheduler.scala:996
17/10/12 21:37:33 INFO DAGScheduler: Submitting 1 missing tasks from ResultStage 2 (ShuffledRDD[13] at countByValue at StringIndexer.scala:92)
17/10/12 21:37:33 INFO TaskSchedulerImpl: Adding task set 2.0 with 1 tasks
17/10/12 21:37:33 INFO TaskSetManager: Starting task 0.0 in stage 2.0 (TID 9, localhost, executor driver, partition 0, ANY, 5851 bytes)
17/10/12 21:37:33 INFO Executor: Running task 0.0 in stage 2.0 (TID 9)
17/10/12 21:37:33 INFO ShuffleBlockFetcherIterator: Getting 1 non-empty blocks out of 1 blocks
17/10/12 21:37:33 INFO ShuffleBlockFetcherIterator: Started 0 remote fetches in 2 ms
17/10/12 21:37:33 INFO Executor: Finished task 0.0 in stage 2.0 (TID 9). 1974 bytes result sent to driver
17/10/12 21:37:33 INFO TaskSetManager: Finished task 0.0 in stage 2.0 (TID 9) in 23 ms on localhost (executor driver) (1/1)
17/10/12 21:37:33 INFO TaskSchedulerImpl: Removed TaskSet 2.0, whose tasks have all completed, from pool 
17/10/12 21:37:33 INFO DAGScheduler: ResultStage 2 (countByValue at StringIndexer.scala:92) finished in 0.023 s
17/10/12 21:37:33 INFO DAGScheduler: Job 1 finished: countByValue at StringIndexer.scala:92, took 0.247343 s
17/10/12 21:37:33 INFO FileSourceStrategy: Pruning directories with: 
17/10/12 21:37:33 INFO FileSourceStrategy: Post-Scan Filters: 
17/10/12 21:37:33 INFO FileSourceStrategy: Output Data Schema: struct<features: vector>
17/10/12 21:37:33 INFO FileSourceStrategy: Pushed Filters: 
17/10/12 21:37:33 INFO CodeGenerator: Code generated in 3.906105 ms
17/10/12 21:37:33 INFO MemoryStore: Block broadcast_5 stored as values in memory (estimated size 134.6 KB, free 366.0 MB)
17/10/12 21:37:33 INFO MemoryStore: Block broadcast_5_piece0 stored as bytes in memory (estimated size 14.7 KB, free 366.0 MB)
17/10/12 21:37:33 INFO BlockManagerInfo: Added broadcast_5_piece0 in memory on 172.27.154.144:38908 (size: 14.7 KB, free: 366.3 MB)
17/10/12 21:37:33 INFO SparkContext: Created broadcast 5 from broadcast at LibSVMRelation.scala:159
17/10/12 21:37:33 INFO FileSourceScanExec: Planning scan with bin packing, max size: 4194304 bytes, open cost is considered as scanning 4194304 bytes.
17/10/12 21:37:33 INFO SparkContext: Starting job: take at VectorIndexer.scala:119
17/10/12 21:37:33 INFO DAGScheduler: Got job 2 (take at VectorIndexer.scala:119) with 1 output partitions
17/10/12 21:37:33 INFO DAGScheduler: Final stage: ResultStage 3 (take at VectorIndexer.scala:119)
17/10/12 21:37:33 INFO DAGScheduler: Parents of final stage: List()
17/10/12 21:37:33 INFO DAGScheduler: Missing parents: List()
17/10/12 21:37:33 INFO DAGScheduler: Submitting ResultStage 3 (MapPartitionsRDD[16] at take at VectorIndexer.scala:119), which has no missing parents
17/10/12 21:37:33 INFO MemoryStore: Block broadcast_6 stored as values in memory (estimated size 7.2 KB, free 366.0 MB)
17/10/12 21:37:33 INFO MemoryStore: Block broadcast_6_piece0 stored as bytes in memory (estimated size 4.0 KB, free 366.0 MB)
17/10/12 21:37:33 INFO BlockManagerInfo: Added broadcast_6_piece0 in memory on 172.27.154.144:38908 (size: 4.0 KB, free: 366.3 MB)
17/10/12 21:37:33 INFO SparkContext: Created broadcast 6 from broadcast at DAGScheduler.scala:996
17/10/12 21:37:33 INFO DAGScheduler: Submitting 1 missing tasks from ResultStage 3 (MapPartitionsRDD[16] at take at VectorIndexer.scala:119)
17/10/12 21:37:33 INFO TaskSchedulerImpl: Adding task set 3.0 with 1 tasks
17/10/12 21:37:33 INFO TaskSetManager: Starting task 0.0 in stage 3.0 (TID 10, localhost, executor driver, partition 0, PROCESS_LOCAL, 6570 bytes)
17/10/12 21:37:33 INFO Executor: Running task 0.0 in stage 3.0 (TID 10)
17/10/12 21:37:33 INFO FileScanRDD: Reading File path: file:///home/host0/Desktop/wf_project/wells_fargo_data_mining/data/test.libsvm, range: 0-1078, partition values: [empty row]
17/10/12 21:37:33 INFO CodeGenerator: Code generated in 10.97884 ms
17/10/12 21:37:33 INFO CodeGenerator: Code generated in 10.770886 ms
17/10/12 21:37:33 INFO Executor: Finished task 0.0 in stage 3.0 (TID 10). 1495 bytes result sent to driver
17/10/12 21:37:33 INFO TaskSetManager: Finished task 0.0 in stage 3.0 (TID 10) in 33 ms on localhost (executor driver) (1/1)
17/10/12 21:37:33 INFO TaskSchedulerImpl: Removed TaskSet 3.0, whose tasks have all completed, from pool 
17/10/12 21:37:33 INFO DAGScheduler: ResultStage 3 (take at VectorIndexer.scala:119) finished in 0.033 s
17/10/12 21:37:33 INFO DAGScheduler: Job 2 finished: take at VectorIndexer.scala:119, took 0.038850 s
17/10/12 21:37:33 INFO CodeGenerator: Code generated in 5.677792 ms
17/10/12 21:37:33 INFO FileSourceStrategy: Pruning directories with: 
17/10/12 21:37:33 INFO FileSourceStrategy: Post-Scan Filters: 
17/10/12 21:37:33 INFO FileSourceStrategy: Output Data Schema: struct<features: vector>
17/10/12 21:37:33 INFO FileSourceStrategy: Pushed Filters: 
17/10/12 21:37:33 INFO MemoryStore: Block broadcast_7 stored as values in memory (estimated size 134.6 KB, free 365.8 MB)
17/10/12 21:37:33 INFO MemoryStore: Block broadcast_7_piece0 stored as bytes in memory (estimated size 14.7 KB, free 365.8 MB)
17/10/12 21:37:33 INFO BlockManagerInfo: Added broadcast_7_piece0 in memory on 172.27.154.144:38908 (size: 14.7 KB, free: 366.2 MB)
17/10/12 21:37:33 INFO SparkContext: Created broadcast 7 from broadcast at LibSVMRelation.scala:159
17/10/12 21:37:33 INFO FileSourceScanExec: Planning scan with bin packing, max size: 4194304 bytes, open cost is considered as scanning 4194304 bytes.
17/10/12 21:37:33 INFO SparkContext: Starting job: reduce at VectorIndexer.scala:128
17/10/12 21:37:33 INFO DAGScheduler: Got job 3 (reduce at VectorIndexer.scala:128) with 1 output partitions
17/10/12 21:37:33 INFO DAGScheduler: Final stage: ResultStage 4 (reduce at VectorIndexer.scala:128)
17/10/12 21:37:33 INFO DAGScheduler: Parents of final stage: List()
17/10/12 21:37:33 INFO DAGScheduler: Missing parents: List()
17/10/12 21:37:33 INFO DAGScheduler: Submitting ResultStage 4 (MapPartitionsRDD[22] at mapPartitions at VectorIndexer.scala:124), which has no missing parents
17/10/12 21:37:33 INFO MemoryStore: Block broadcast_8 stored as values in memory (estimated size 11.0 KB, free 365.8 MB)
17/10/12 21:37:33 INFO MemoryStore: Block broadcast_8_piece0 stored as bytes in memory (estimated size 5.8 KB, free 365.8 MB)
17/10/12 21:37:33 INFO BlockManagerInfo: Added broadcast_8_piece0 in memory on 172.27.154.144:38908 (size: 5.8 KB, free: 366.2 MB)
17/10/12 21:37:33 INFO SparkContext: Created broadcast 8 from broadcast at DAGScheduler.scala:996
17/10/12 21:37:33 INFO DAGScheduler: Submitting 1 missing tasks from ResultStage 4 (MapPartitionsRDD[22] at mapPartitions at VectorIndexer.scala:124)
17/10/12 21:37:33 INFO TaskSchedulerImpl: Adding task set 4.0 with 1 tasks
17/10/12 21:37:33 INFO TaskSetManager: Starting task 0.0 in stage 4.0 (TID 11, localhost, executor driver, partition 0, PROCESS_LOCAL, 6625 bytes)
17/10/12 21:37:33 INFO Executor: Running task 0.0 in stage 4.0 (TID 11)
17/10/12 21:37:34 INFO FileScanRDD: Reading File path: file:///home/host0/Desktop/wf_project/wells_fargo_data_mining/data/test.libsvm, range: 0-1078, partition values: [empty row]
17/10/12 21:37:34 INFO Executor: Finished task 0.0 in stage 4.0 (TID 11). 5847 bytes result sent to driver
17/10/12 21:37:34 INFO TaskSetManager: Finished task 0.0 in stage 4.0 (TID 11) in 20 ms on localhost (executor driver) (1/1)
17/10/12 21:37:34 INFO TaskSchedulerImpl: Removed TaskSet 4.0, whose tasks have all completed, from pool 
17/10/12 21:37:34 INFO DAGScheduler: ResultStage 4 (reduce at VectorIndexer.scala:128) finished in 0.019 s
17/10/12 21:37:34 INFO DAGScheduler: Job 3 finished: reduce at VectorIndexer.scala:128, took 0.026245 s
17/10/12 21:37:34 INFO ContextCleaner: Cleaned shuffle 0
17/10/12 21:37:34 INFO BlockManagerInfo: Removed broadcast_8_piece0 on 172.27.154.144:38908 in memory (size: 5.8 KB, free: 366.2 MB)
17/10/12 21:37:34 INFO BlockManagerInfo: Removed broadcast_3_piece0 on 172.27.154.144:38908 in memory (size: 6.9 KB, free: 366.3 MB)
17/10/12 21:37:34 INFO BlockManagerInfo: Removed broadcast_4_piece0 on 172.27.154.144:38908 in memory (size: 1971.0 B, free: 366.3 MB)
17/10/12 21:37:34 INFO ContextCleaner: Cleaned accumulator 316
17/10/12 21:37:34 INFO ContextCleaner: Cleaned accumulator 317
17/10/12 21:37:34 INFO ContextCleaner: Cleaned accumulator 318
17/10/12 21:37:34 INFO BlockManagerInfo: Removed broadcast_5_piece0 on 172.27.154.144:38908 in memory (size: 14.7 KB, free: 366.3 MB)
17/10/12 21:37:34 INFO BlockManagerInfo: Removed broadcast_6_piece0 on 172.27.154.144:38908 in memory (size: 4.0 KB, free: 366.3 MB)
17/10/12 21:37:34 INFO ContextCleaner: Cleaned accumulator 367
17/10/12 21:37:34 INFO ContextCleaner: Cleaned accumulator 368
17/10/12 21:37:34 INFO ContextCleaner: Cleaned accumulator 369
17/10/12 21:37:34 INFO BlockManagerInfo: Removed broadcast_7_piece0 on 172.27.154.144:38908 in memory (size: 14.7 KB, free: 366.3 MB)
17/10/12 21:37:34 INFO FileSourceStrategy: Pruning directories with: 
17/10/12 21:37:34 INFO FileSourceStrategy: Post-Scan Filters: 
17/10/12 21:37:34 INFO FileSourceStrategy: Output Data Schema: struct<label: double, features: vector>
17/10/12 21:37:34 INFO FileSourceStrategy: Pushed Filters: 
17/10/12 21:37:34 INFO CodeGenerator: Code generated in 17.749542 ms
17/10/12 21:37:34 INFO MemoryStore: Block broadcast_9 stored as values in memory (estimated size 134.6 KB, free 366.0 MB)
17/10/12 21:37:34 INFO MemoryStore: Block broadcast_9_piece0 stored as bytes in memory (estimated size 14.7 KB, free 366.0 MB)
17/10/12 21:37:34 INFO BlockManagerInfo: Added broadcast_9_piece0 in memory on 172.27.154.144:38908 (size: 14.7 KB, free: 366.3 MB)
17/10/12 21:37:34 INFO SparkContext: Created broadcast 9 from broadcast at LibSVMRelation.scala:159
17/10/12 21:37:34 INFO FileSourceScanExec: Planning scan with bin packing, max size: 4194304 bytes, open cost is considered as scanning 4194304 bytes.
17/10/12 21:37:34 INFO Instrumentation: RandomForestClassifier-RandomForestClassifier_463d8f60eeb8bdfa4199-1754586155-1: training: numPartitions=1 storageLevel=StorageLevel(1 replicas)
17/10/12 21:37:34 INFO Instrumentation: RandomForestClassifier-RandomForestClassifier_463d8f60eeb8bdfa4199-1754586155-1: {"seed":-4140900678877021401,"subsamplingRate":1.0,"impurity":"gini","featuresCol":"indexedFeatures","maxDepth":5,"minInstancesPerNode":1,"featureSubsetStrategy":"auto","checkpointInterval":10,"minInfoGain":0.0,"cacheNodeIds":false,"labelCol":"indexedLabel","predictionCol":"prediction","maxMemoryInMB":256,"maxBins":32,"rawPredictionCol":"rawPrediction","probabilityCol":"probability","numTrees":10}
17/10/12 21:37:34 INFO SparkContext: Starting job: take at DecisionTreeMetadata.scala:112
17/10/12 21:37:34 INFO DAGScheduler: Got job 4 (take at DecisionTreeMetadata.scala:112) with 1 output partitions
17/10/12 21:37:34 INFO DAGScheduler: Final stage: ResultStage 5 (take at DecisionTreeMetadata.scala:112)
17/10/12 21:37:34 INFO DAGScheduler: Parents of final stage: List()
17/10/12 21:37:34 INFO DAGScheduler: Missing parents: List()
17/10/12 21:37:34 INFO DAGScheduler: Submitting ResultStage 5 (MapPartitionsRDD[29] at map at DecisionTreeMetadata.scala:112), which has no missing parents
17/10/12 21:37:34 INFO MemoryStore: Block broadcast_10 stored as values in memory (estimated size 27.4 KB, free 366.0 MB)
17/10/12 21:37:34 INFO MemoryStore: Block broadcast_10_piece0 stored as bytes in memory (estimated size 11.9 KB, free 366.0 MB)
17/10/12 21:37:34 INFO BlockManagerInfo: Added broadcast_10_piece0 in memory on 172.27.154.144:38908 (size: 11.9 KB, free: 366.3 MB)
17/10/12 21:37:34 INFO SparkContext: Created broadcast 10 from broadcast at DAGScheduler.scala:996
17/10/12 21:37:34 INFO DAGScheduler: Submitting 1 missing tasks from ResultStage 5 (MapPartitionsRDD[29] at map at DecisionTreeMetadata.scala:112)
17/10/12 21:37:34 INFO TaskSchedulerImpl: Adding task set 5.0 with 1 tasks
17/10/12 21:37:34 INFO TaskSetManager: Starting task 0.0 in stage 5.0 (TID 12, localhost, executor driver, partition 0, PROCESS_LOCAL, 6623 bytes)
17/10/12 21:37:34 INFO Executor: Running task 0.0 in stage 5.0 (TID 12)
17/10/12 21:37:34 INFO CodeGenerator: Code generated in 6.285157 ms
17/10/12 21:37:34 INFO FileScanRDD: Reading File path: file:///home/host0/Desktop/wf_project/wells_fargo_data_mining/data/test.libsvm, range: 0-1078, partition values: [empty row]
17/10/12 21:37:34 INFO CodeGenerator: Code generated in 10.397655 ms
17/10/12 21:37:34 INFO Executor: Finished task 0.0 in stage 5.0 (TID 12). 1469 bytes result sent to driver
17/10/12 21:37:34 INFO TaskSetManager: Finished task 0.0 in stage 5.0 (TID 12) in 32 ms on localhost (executor driver) (1/1)
17/10/12 21:37:34 INFO TaskSchedulerImpl: Removed TaskSet 5.0, whose tasks have all completed, from pool 
17/10/12 21:37:34 INFO DAGScheduler: ResultStage 5 (take at DecisionTreeMetadata.scala:112) finished in 0.031 s
17/10/12 21:37:34 INFO DAGScheduler: Job 4 finished: take at DecisionTreeMetadata.scala:112, took 0.038459 s
17/10/12 21:37:34 INFO SparkContext: Starting job: count at DecisionTreeMetadata.scala:116
17/10/12 21:37:34 INFO DAGScheduler: Got job 5 (count at DecisionTreeMetadata.scala:116) with 1 output partitions
17/10/12 21:37:34 INFO DAGScheduler: Final stage: ResultStage 6 (count at DecisionTreeMetadata.scala:116)
17/10/12 21:37:34 INFO DAGScheduler: Parents of final stage: List()
17/10/12 21:37:34 INFO DAGScheduler: Missing parents: List()
17/10/12 21:37:34 INFO DAGScheduler: Submitting ResultStage 6 (MapPartitionsRDD[28] at retag at RandomForest.scala:103), which has no missing parents
17/10/12 21:37:34 INFO MemoryStore: Block broadcast_11 stored as values in memory (estimated size 27.0 KB, free 365.9 MB)
17/10/12 21:37:34 INFO MemoryStore: Block broadcast_11_piece0 stored as bytes in memory (estimated size 11.8 KB, free 365.9 MB)
17/10/12 21:37:34 INFO BlockManagerInfo: Added broadcast_11_piece0 in memory on 172.27.154.144:38908 (size: 11.8 KB, free: 366.2 MB)
17/10/12 21:37:34 INFO SparkContext: Created broadcast 11 from broadcast at DAGScheduler.scala:996
17/10/12 21:37:34 INFO DAGScheduler: Submitting 1 missing tasks from ResultStage 6 (MapPartitionsRDD[28] at retag at RandomForest.scala:103)
17/10/12 21:37:34 INFO TaskSchedulerImpl: Adding task set 6.0 with 1 tasks
17/10/12 21:37:34 INFO TaskSetManager: Starting task 0.0 in stage 6.0 (TID 13, localhost, executor driver, partition 0, PROCESS_LOCAL, 6541 bytes)
17/10/12 21:37:34 INFO Executor: Running task 0.0 in stage 6.0 (TID 13)
17/10/12 21:37:34 INFO FileScanRDD: Reading File path: file:///home/host0/Desktop/wf_project/wells_fargo_data_mining/data/test.libsvm, range: 0-1078, partition values: [empty row]
17/10/12 21:37:34 INFO Executor: Finished task 0.0 in stage 6.0 (TID 13). 1520 bytes result sent to driver
17/10/12 21:37:34 INFO TaskSetManager: Finished task 0.0 in stage 6.0 (TID 13) in 20 ms on localhost (executor driver) (1/1)
17/10/12 21:37:34 INFO TaskSchedulerImpl: Removed TaskSet 6.0, whose tasks have all completed, from pool 
17/10/12 21:37:34 INFO DAGScheduler: ResultStage 6 (count at DecisionTreeMetadata.scala:116) finished in 0.020 s
17/10/12 21:37:34 INFO DAGScheduler: Job 5 finished: count at DecisionTreeMetadata.scala:116, took 0.024950 s
17/10/12 21:37:34 INFO Instrumentation: RandomForestClassifier-RandomForestClassifier_463d8f60eeb8bdfa4199-1754586155-1: {"numFeatures":5}
17/10/12 21:37:34 INFO Instrumentation: RandomForestClassifier-RandomForestClassifier_463d8f60eeb8bdfa4199-1754586155-1: {"numClasses":5}
17/10/12 21:37:34 INFO SparkContext: Starting job: collectAsMap at RandomForest.scala:910
17/10/12 21:37:34 INFO DAGScheduler: Registering RDD 31 (flatMap at RandomForest.scala:903)
17/10/12 21:37:34 INFO DAGScheduler: Got job 6 (collectAsMap at RandomForest.scala:910) with 1 output partitions
17/10/12 21:37:34 INFO DAGScheduler: Final stage: ResultStage 8 (collectAsMap at RandomForest.scala:910)
17/10/12 21:37:34 INFO DAGScheduler: Parents of final stage: List(ShuffleMapStage 7)
17/10/12 21:37:34 INFO DAGScheduler: Missing parents: List(ShuffleMapStage 7)
17/10/12 21:37:34 INFO DAGScheduler: Submitting ShuffleMapStage 7 (MapPartitionsRDD[31] at flatMap at RandomForest.scala:903), which has no missing parents
17/10/12 21:37:34 INFO MemoryStore: Block broadcast_12 stored as values in memory (estimated size 30.1 KB, free 365.9 MB)
17/10/12 21:37:34 INFO MemoryStore: Block broadcast_12_piece0 stored as bytes in memory (estimated size 13.3 KB, free 365.9 MB)
17/10/12 21:37:34 INFO BlockManagerInfo: Added broadcast_12_piece0 in memory on 172.27.154.144:38908 (size: 13.3 KB, free: 366.2 MB)
17/10/12 21:37:34 INFO SparkContext: Created broadcast 12 from broadcast at DAGScheduler.scala:996
17/10/12 21:37:34 INFO DAGScheduler: Submitting 1 missing tasks from ShuffleMapStage 7 (MapPartitionsRDD[31] at flatMap at RandomForest.scala:903)
17/10/12 21:37:34 INFO TaskSchedulerImpl: Adding task set 7.0 with 1 tasks
17/10/12 21:37:34 INFO TaskSetManager: Starting task 0.0 in stage 7.0 (TID 14, localhost, executor driver, partition 0, PROCESS_LOCAL, 6729 bytes)
17/10/12 21:37:34 INFO Executor: Running task 0.0 in stage 7.0 (TID 14)
17/10/12 21:37:34 INFO FileScanRDD: Reading File path: file:///home/host0/Desktop/wf_project/wells_fargo_data_mining/data/test.libsvm, range: 0-1078, partition values: [empty row]
17/10/12 21:37:35 INFO Executor: Finished task 0.0 in stage 7.0 (TID 14). 1898 bytes result sent to driver
17/10/12 21:37:35 INFO TaskSetManager: Finished task 0.0 in stage 7.0 (TID 14) in 574 ms on localhost (executor driver) (1/1)
17/10/12 21:37:35 INFO TaskSchedulerImpl: Removed TaskSet 7.0, whose tasks have all completed, from pool 
17/10/12 21:37:35 INFO DAGScheduler: ShuffleMapStage 7 (flatMap at RandomForest.scala:903) finished in 0.574 s
17/10/12 21:37:35 INFO DAGScheduler: looking for newly runnable stages
17/10/12 21:37:35 INFO DAGScheduler: running: Set()
17/10/12 21:37:35 INFO DAGScheduler: waiting: Set(ResultStage 8)
17/10/12 21:37:35 INFO DAGScheduler: failed: Set()
17/10/12 21:37:35 INFO DAGScheduler: Submitting ResultStage 8 (MapPartitionsRDD[33] at map at RandomForest.scala:905), which has no missing parents
17/10/12 21:37:35 INFO MemoryStore: Block broadcast_13 stored as values in memory (estimated size 32.5 KB, free 365.9 MB)
17/10/12 21:37:35 INFO MemoryStore: Block broadcast_13_piece0 stored as bytes in memory (estimated size 14.6 KB, free 365.8 MB)
17/10/12 21:37:35 INFO BlockManagerInfo: Added broadcast_13_piece0 in memory on 172.27.154.144:38908 (size: 14.6 KB, free: 366.2 MB)
17/10/12 21:37:35 INFO SparkContext: Created broadcast 13 from broadcast at DAGScheduler.scala:996
17/10/12 21:37:35 INFO DAGScheduler: Submitting 1 missing tasks from ResultStage 8 (MapPartitionsRDD[33] at map at RandomForest.scala:905)
17/10/12 21:37:35 INFO TaskSchedulerImpl: Adding task set 8.0 with 1 tasks
17/10/12 21:37:35 INFO TaskSetManager: Starting task 0.0 in stage 8.0 (TID 15, localhost, executor driver, partition 0, ANY, 5851 bytes)
17/10/12 21:37:35 INFO Executor: Running task 0.0 in stage 8.0 (TID 15)
17/10/12 21:37:35 INFO ShuffleBlockFetcherIterator: Getting 1 non-empty blocks out of 1 blocks
17/10/12 21:37:35 INFO ShuffleBlockFetcherIterator: Started 0 remote fetches in 0 ms
17/10/12 21:37:35 INFO Executor: Finished task 0.0 in stage 8.0 (TID 15). 3033 bytes result sent to driver
17/10/12 21:37:35 INFO TaskSetManager: Finished task 0.0 in stage 8.0 (TID 15) in 25 ms on localhost (executor driver) (1/1)
17/10/12 21:37:35 INFO TaskSchedulerImpl: Removed TaskSet 8.0, whose tasks have all completed, from pool 
17/10/12 21:37:35 INFO DAGScheduler: ResultStage 8 (collectAsMap at RandomForest.scala:910) finished in 0.025 s
17/10/12 21:37:35 INFO DAGScheduler: Job 6 finished: collectAsMap at RandomForest.scala:910, took 0.610387 s
17/10/12 21:37:35 INFO MemoryStore: Block broadcast_14 stored as values in memory (estimated size 1160.0 B, free 365.8 MB)
17/10/12 21:37:35 INFO MemoryStore: Block broadcast_14_piece0 stored as bytes in memory (estimated size 398.0 B, free 365.8 MB)
17/10/12 21:37:35 INFO BlockManagerInfo: Added broadcast_14_piece0 in memory on 172.27.154.144:38908 (size: 398.0 B, free: 366.2 MB)
17/10/12 21:37:35 INFO SparkContext: Created broadcast 14 from broadcast at RandomForest.scala:513
17/10/12 21:37:35 INFO SparkContext: Starting job: collectAsMap at RandomForest.scala:563
17/10/12 21:37:35 INFO DAGScheduler: Registering RDD 36 (mapPartitions at RandomForest.scala:534)
17/10/12 21:37:35 INFO DAGScheduler: Got job 7 (collectAsMap at RandomForest.scala:563) with 1 output partitions
17/10/12 21:37:35 INFO DAGScheduler: Final stage: ResultStage 10 (collectAsMap at RandomForest.scala:563)
17/10/12 21:37:35 INFO DAGScheduler: Parents of final stage: List(ShuffleMapStage 9)
17/10/12 21:37:35 INFO DAGScheduler: Missing parents: List(ShuffleMapStage 9)
17/10/12 21:37:35 INFO DAGScheduler: Submitting ShuffleMapStage 9 (MapPartitionsRDD[36] at mapPartitions at RandomForest.scala:534), which has no missing parents
17/10/12 21:37:35 INFO MemoryStore: Block broadcast_15 stored as values in memory (estimated size 32.4 KB, free 365.8 MB)
17/10/12 21:37:35 INFO MemoryStore: Block broadcast_15_piece0 stored as bytes in memory (estimated size 14.3 KB, free 365.8 MB)
17/10/12 21:37:35 INFO BlockManagerInfo: Added broadcast_15_piece0 in memory on 172.27.154.144:38908 (size: 14.3 KB, free: 366.2 MB)
17/10/12 21:37:35 INFO SparkContext: Created broadcast 15 from broadcast at DAGScheduler.scala:996
17/10/12 21:37:35 INFO DAGScheduler: Submitting 1 missing tasks from ShuffleMapStage 9 (MapPartitionsRDD[36] at mapPartitions at RandomForest.scala:534)
17/10/12 21:37:35 INFO TaskSchedulerImpl: Adding task set 9.0 with 1 tasks
17/10/12 21:37:35 INFO TaskSetManager: Starting task 0.0 in stage 9.0 (TID 16, localhost, executor driver, partition 0, PROCESS_LOCAL, 6620 bytes)
17/10/12 21:37:35 INFO Executor: Running task 0.0 in stage 9.0 (TID 16)
17/10/12 21:37:35 INFO FileScanRDD: Reading File path: file:///home/host0/Desktop/wf_project/wells_fargo_data_mining/data/test.libsvm, range: 0-1078, partition values: [empty row]
17/10/12 21:37:35 INFO BlockManagerInfo: Removed broadcast_10_piece0 on 172.27.154.144:38908 in memory (size: 11.9 KB, free: 366.2 MB)
17/10/12 21:37:35 INFO BlockManagerInfo: Removed broadcast_11_piece0 on 172.27.154.144:38908 in memory (size: 11.8 KB, free: 366.2 MB)
17/10/12 21:37:35 INFO ContextCleaner: Cleaned shuffle 1
17/10/12 21:37:35 INFO BlockManagerInfo: Removed broadcast_12_piece0 on 172.27.154.144:38908 in memory (size: 13.3 KB, free: 366.2 MB)
17/10/12 21:37:35 INFO BlockManagerInfo: Removed broadcast_13_piece0 on 172.27.154.144:38908 in memory (size: 14.6 KB, free: 366.3 MB)
17/10/12 21:37:35 INFO MemoryStore: Block rdd_35_0 stored as values in memory (estimated size 9.0 KB, free 366.0 MB)
17/10/12 21:37:35 INFO BlockManagerInfo: Added rdd_35_0 in memory on 172.27.154.144:38908 (size: 9.0 KB, free: 366.2 MB)
17/10/12 21:37:35 INFO Executor: Finished task 0.0 in stage 9.0 (TID 16). 2851 bytes result sent to driver
17/10/12 21:37:35 INFO TaskSetManager: Finished task 0.0 in stage 9.0 (TID 16) in 78 ms on localhost (executor driver) (1/1)
17/10/12 21:37:35 INFO TaskSchedulerImpl: Removed TaskSet 9.0, whose tasks have all completed, from pool 
17/10/12 21:37:35 INFO DAGScheduler: ShuffleMapStage 9 (mapPartitions at RandomForest.scala:534) finished in 0.079 s
17/10/12 21:37:35 INFO DAGScheduler: looking for newly runnable stages
17/10/12 21:37:35 INFO DAGScheduler: running: Set()
17/10/12 21:37:35 INFO DAGScheduler: waiting: Set(ResultStage 10)
17/10/12 21:37:35 INFO DAGScheduler: failed: Set()
17/10/12 21:37:35 INFO DAGScheduler: Submitting ResultStage 10 (MapPartitionsRDD[38] at map at RandomForest.scala:553), which has no missing parents
17/10/12 21:37:35 INFO MemoryStore: Block broadcast_16 stored as values in memory (estimated size 5.6 KB, free 365.9 MB)
17/10/12 21:37:35 INFO MemoryStore: Block broadcast_16_piece0 stored as bytes in memory (estimated size 2.8 KB, free 365.9 MB)
17/10/12 21:37:35 INFO BlockManagerInfo: Added broadcast_16_piece0 in memory on 172.27.154.144:38908 (size: 2.8 KB, free: 366.2 MB)
17/10/12 21:37:35 INFO SparkContext: Created broadcast 16 from broadcast at DAGScheduler.scala:996
17/10/12 21:37:35 INFO DAGScheduler: Submitting 1 missing tasks from ResultStage 10 (MapPartitionsRDD[38] at map at RandomForest.scala:553)
17/10/12 21:37:35 INFO TaskSchedulerImpl: Adding task set 10.0 with 1 tasks
17/10/12 21:37:35 INFO TaskSetManager: Starting task 0.0 in stage 10.0 (TID 17, localhost, executor driver, partition 0, ANY, 5851 bytes)
17/10/12 21:37:35 INFO Executor: Running task 0.0 in stage 10.0 (TID 17)
17/10/12 21:37:35 INFO ShuffleBlockFetcherIterator: Getting 1 non-empty blocks out of 1 blocks
17/10/12 21:37:35 INFO ShuffleBlockFetcherIterator: Started 0 remote fetches in 0 ms
17/10/12 21:37:35 INFO Executor: Finished task 0.0 in stage 10.0 (TID 17). 4664 bytes result sent to driver
17/10/12 21:37:35 INFO TaskSetManager: Finished task 0.0 in stage 10.0 (TID 17) in 25 ms on localhost (executor driver) (1/1)
17/10/12 21:37:35 INFO TaskSchedulerImpl: Removed TaskSet 10.0, whose tasks have all completed, from pool 
17/10/12 21:37:35 INFO DAGScheduler: ResultStage 10 (collectAsMap at RandomForest.scala:563) finished in 0.025 s
17/10/12 21:37:35 INFO DAGScheduler: Job 7 finished: collectAsMap at RandomForest.scala:563, took 0.118153 s
17/10/12 21:37:35 INFO MemoryStore: Block broadcast_17 stored as values in memory (estimated size 2.2 KB, free 365.9 MB)
17/10/12 21:37:35 INFO MemoryStore: Block broadcast_17_piece0 stored as bytes in memory (estimated size 501.0 B, free 365.9 MB)
17/10/12 21:37:35 INFO BlockManagerInfo: Added broadcast_17_piece0 in memory on 172.27.154.144:38908 (size: 501.0 B, free: 366.2 MB)
17/10/12 21:37:35 INFO SparkContext: Created broadcast 17 from broadcast at RandomForest.scala:513
17/10/12 21:37:35 INFO SparkContext: Starting job: collectAsMap at RandomForest.scala:563
17/10/12 21:37:35 INFO DAGScheduler: Registering RDD 39 (mapPartitions at RandomForest.scala:534)
17/10/12 21:37:35 INFO DAGScheduler: Got job 8 (collectAsMap at RandomForest.scala:563) with 1 output partitions
17/10/12 21:37:35 INFO DAGScheduler: Final stage: ResultStage 12 (collectAsMap at RandomForest.scala:563)
17/10/12 21:37:35 INFO DAGScheduler: Parents of final stage: List(ShuffleMapStage 11)
17/10/12 21:37:35 INFO DAGScheduler: Missing parents: List(ShuffleMapStage 11)
17/10/12 21:37:35 INFO DAGScheduler: Submitting ShuffleMapStage 11 (MapPartitionsRDD[39] at mapPartitions at RandomForest.scala:534), which has no missing parents
17/10/12 21:37:35 INFO MemoryStore: Block broadcast_18 stored as values in memory (estimated size 36.3 KB, free 365.9 MB)
17/10/12 21:37:35 INFO MemoryStore: Block broadcast_18_piece0 stored as bytes in memory (estimated size 15.9 KB, free 365.9 MB)
17/10/12 21:37:35 INFO BlockManagerInfo: Added broadcast_18_piece0 in memory on 172.27.154.144:38908 (size: 15.9 KB, free: 366.2 MB)
17/10/12 21:37:35 INFO SparkContext: Created broadcast 18 from broadcast at DAGScheduler.scala:996
17/10/12 21:37:35 INFO DAGScheduler: Submitting 1 missing tasks from ShuffleMapStage 11 (MapPartitionsRDD[39] at mapPartitions at RandomForest.scala:534)
17/10/12 21:37:35 INFO TaskSchedulerImpl: Adding task set 11.0 with 1 tasks
17/10/12 21:37:35 INFO TaskSetManager: Starting task 0.0 in stage 11.0 (TID 18, localhost, executor driver, partition 0, PROCESS_LOCAL, 6620 bytes)
17/10/12 21:37:35 INFO Executor: Running task 0.0 in stage 11.0 (TID 18)
17/10/12 21:37:35 INFO BlockManager: Found block rdd_35_0 locally
17/10/12 21:37:35 INFO Executor: Finished task 0.0 in stage 11.0 (TID 18). 2056 bytes result sent to driver
17/10/12 21:37:35 INFO TaskSetManager: Finished task 0.0 in stage 11.0 (TID 18) in 14 ms on localhost (executor driver) (1/1)
17/10/12 21:37:35 INFO TaskSchedulerImpl: Removed TaskSet 11.0, whose tasks have all completed, from pool 
17/10/12 21:37:35 INFO DAGScheduler: ShuffleMapStage 11 (mapPartitions at RandomForest.scala:534) finished in 0.014 s
17/10/12 21:37:35 INFO DAGScheduler: looking for newly runnable stages
17/10/12 21:37:35 INFO DAGScheduler: running: Set()
17/10/12 21:37:35 INFO DAGScheduler: waiting: Set(ResultStage 12)
17/10/12 21:37:35 INFO DAGScheduler: failed: Set()
17/10/12 21:37:35 INFO DAGScheduler: Submitting ResultStage 12 (MapPartitionsRDD[41] at map at RandomForest.scala:553), which has no missing parents
17/10/12 21:37:35 INFO MemoryStore: Block broadcast_19 stored as values in memory (estimated size 7.8 KB, free 365.9 MB)
17/10/12 21:37:35 INFO MemoryStore: Block broadcast_19_piece0 stored as bytes in memory (estimated size 3.6 KB, free 365.9 MB)
17/10/12 21:37:35 INFO BlockManagerInfo: Added broadcast_19_piece0 in memory on 172.27.154.144:38908 (size: 3.6 KB, free: 366.2 MB)
17/10/12 21:37:35 INFO SparkContext: Created broadcast 19 from broadcast at DAGScheduler.scala:996
17/10/12 21:37:35 INFO DAGScheduler: Submitting 1 missing tasks from ResultStage 12 (MapPartitionsRDD[41] at map at RandomForest.scala:553)
17/10/12 21:37:35 INFO TaskSchedulerImpl: Adding task set 12.0 with 1 tasks
17/10/12 21:37:35 INFO TaskSetManager: Starting task 0.0 in stage 12.0 (TID 19, localhost, executor driver, partition 0, ANY, 5851 bytes)
17/10/12 21:37:35 INFO Executor: Running task 0.0 in stage 12.0 (TID 19)
17/10/12 21:37:35 INFO ShuffleBlockFetcherIterator: Getting 1 non-empty blocks out of 1 blocks
17/10/12 21:37:35 INFO ShuffleBlockFetcherIterator: Started 0 remote fetches in 0 ms
17/10/12 21:37:35 INFO Executor: Finished task 0.0 in stage 12.0 (TID 19). 6847 bytes result sent to driver
17/10/12 21:37:35 INFO TaskSetManager: Finished task 0.0 in stage 12.0 (TID 19) in 14 ms on localhost (executor driver) (1/1)
17/10/12 21:37:35 INFO TaskSchedulerImpl: Removed TaskSet 12.0, whose tasks have all completed, from pool 
17/10/12 21:37:35 INFO DAGScheduler: ResultStage 12 (collectAsMap at RandomForest.scala:563) finished in 0.014 s
17/10/12 21:37:35 INFO DAGScheduler: Job 8 finished: collectAsMap at RandomForest.scala:563, took 0.037164 s
17/10/12 21:37:35 INFO MemoryStore: Block broadcast_20 stored as values in memory (estimated size 3.2 KB, free 365.9 MB)
17/10/12 21:37:35 INFO MemoryStore: Block broadcast_20_piece0 stored as bytes in memory (estimated size 560.0 B, free 365.9 MB)
17/10/12 21:37:35 INFO BlockManagerInfo: Added broadcast_20_piece0 in memory on 172.27.154.144:38908 (size: 560.0 B, free: 366.2 MB)
17/10/12 21:37:35 INFO SparkContext: Created broadcast 20 from broadcast at RandomForest.scala:513
17/10/12 21:37:35 INFO SparkContext: Starting job: collectAsMap at RandomForest.scala:563
17/10/12 21:37:35 INFO DAGScheduler: Registering RDD 42 (mapPartitions at RandomForest.scala:534)
17/10/12 21:37:35 INFO DAGScheduler: Got job 9 (collectAsMap at RandomForest.scala:563) with 1 output partitions
17/10/12 21:37:35 INFO DAGScheduler: Final stage: ResultStage 14 (collectAsMap at RandomForest.scala:563)
17/10/12 21:37:35 INFO DAGScheduler: Parents of final stage: List(ShuffleMapStage 13)
17/10/12 21:37:35 INFO DAGScheduler: Missing parents: List(ShuffleMapStage 13)
17/10/12 21:37:35 INFO DAGScheduler: Submitting ShuffleMapStage 13 (MapPartitionsRDD[42] at mapPartitions at RandomForest.scala:534), which has no missing parents
17/10/12 21:37:35 INFO MemoryStore: Block broadcast_21 stored as values in memory (estimated size 42.4 KB, free 365.8 MB)
17/10/12 21:37:35 INFO MemoryStore: Block broadcast_21_piece0 stored as bytes in memory (estimated size 17.8 KB, free 365.8 MB)
17/10/12 21:37:35 INFO BlockManagerInfo: Added broadcast_21_piece0 in memory on 172.27.154.144:38908 (size: 17.8 KB, free: 366.2 MB)
17/10/12 21:37:35 INFO SparkContext: Created broadcast 21 from broadcast at DAGScheduler.scala:996
17/10/12 21:37:35 INFO DAGScheduler: Submitting 1 missing tasks from ShuffleMapStage 13 (MapPartitionsRDD[42] at mapPartitions at RandomForest.scala:534)
17/10/12 21:37:35 INFO TaskSchedulerImpl: Adding task set 13.0 with 1 tasks
17/10/12 21:37:35 INFO TaskSetManager: Starting task 0.0 in stage 13.0 (TID 20, localhost, executor driver, partition 0, PROCESS_LOCAL, 6620 bytes)
17/10/12 21:37:35 INFO Executor: Running task 0.0 in stage 13.0 (TID 20)
17/10/12 21:37:35 INFO BlockManager: Found block rdd_35_0 locally
17/10/12 21:37:35 INFO Executor: Finished task 0.0 in stage 13.0 (TID 20). 2056 bytes result sent to driver
17/10/12 21:37:35 INFO TaskSetManager: Finished task 0.0 in stage 13.0 (TID 20) in 11 ms on localhost (executor driver) (1/1)
17/10/12 21:37:35 INFO TaskSchedulerImpl: Removed TaskSet 13.0, whose tasks have all completed, from pool 
17/10/12 21:37:35 INFO DAGScheduler: ShuffleMapStage 13 (mapPartitions at RandomForest.scala:534) finished in 0.011 s
17/10/12 21:37:35 INFO DAGScheduler: looking for newly runnable stages
17/10/12 21:37:35 INFO DAGScheduler: running: Set()
17/10/12 21:37:35 INFO DAGScheduler: waiting: Set(ResultStage 14)
17/10/12 21:37:35 INFO DAGScheduler: failed: Set()
17/10/12 21:37:35 INFO DAGScheduler: Submitting ResultStage 14 (MapPartitionsRDD[44] at map at RandomForest.scala:553), which has no missing parents
17/10/12 21:37:35 INFO MemoryStore: Block broadcast_22 stored as values in memory (estimated size 8.6 KB, free 365.8 MB)
17/10/12 21:37:35 INFO MemoryStore: Block broadcast_22_piece0 stored as bytes in memory (estimated size 3.7 KB, free 365.8 MB)
17/10/12 21:37:35 INFO BlockManagerInfo: Added broadcast_22_piece0 in memory on 172.27.154.144:38908 (size: 3.7 KB, free: 366.2 MB)
17/10/12 21:37:35 INFO SparkContext: Created broadcast 22 from broadcast at DAGScheduler.scala:996
17/10/12 21:37:35 INFO DAGScheduler: Submitting 1 missing tasks from ResultStage 14 (MapPartitionsRDD[44] at map at RandomForest.scala:553)
17/10/12 21:37:35 INFO TaskSchedulerImpl: Adding task set 14.0 with 1 tasks
17/10/12 21:37:35 INFO TaskSetManager: Starting task 0.0 in stage 14.0 (TID 21, localhost, executor driver, partition 0, ANY, 5851 bytes)
17/10/12 21:37:35 INFO Executor: Running task 0.0 in stage 14.0 (TID 21)
17/10/12 21:37:35 INFO ShuffleBlockFetcherIterator: Getting 1 non-empty blocks out of 1 blocks
17/10/12 21:37:35 INFO ShuffleBlockFetcherIterator: Started 0 remote fetches in 0 ms
17/10/12 21:37:35 INFO Executor: Finished task 0.0 in stage 14.0 (TID 21). 8392 bytes result sent to driver
17/10/12 21:37:35 INFO TaskSetManager: Finished task 0.0 in stage 14.0 (TID 21) in 12 ms on localhost (executor driver) (1/1)
17/10/12 21:37:35 INFO TaskSchedulerImpl: Removed TaskSet 14.0, whose tasks have all completed, from pool 
17/10/12 21:37:35 INFO DAGScheduler: ResultStage 14 (collectAsMap at RandomForest.scala:563) finished in 0.012 s
17/10/12 21:37:35 INFO DAGScheduler: Job 9 finished: collectAsMap at RandomForest.scala:563, took 0.031900 s
17/10/12 21:37:35 INFO MemoryStore: Block broadcast_23 stored as values in memory (estimated size 2.6 KB, free 365.8 MB)
17/10/12 21:37:35 INFO MemoryStore: Block broadcast_23_piece0 stored as bytes in memory (estimated size 539.0 B, free 365.8 MB)
17/10/12 21:37:35 INFO BlockManagerInfo: Added broadcast_23_piece0 in memory on 172.27.154.144:38908 (size: 539.0 B, free: 366.2 MB)
17/10/12 21:37:35 INFO SparkContext: Created broadcast 23 from broadcast at RandomForest.scala:513
17/10/12 21:37:35 INFO SparkContext: Starting job: collectAsMap at RandomForest.scala:563
17/10/12 21:37:35 INFO DAGScheduler: Registering RDD 45 (mapPartitions at RandomForest.scala:534)
17/10/12 21:37:35 INFO DAGScheduler: Got job 10 (collectAsMap at RandomForest.scala:563) with 1 output partitions
17/10/12 21:37:35 INFO DAGScheduler: Final stage: ResultStage 16 (collectAsMap at RandomForest.scala:563)
17/10/12 21:37:35 INFO DAGScheduler: Parents of final stage: List(ShuffleMapStage 15)
17/10/12 21:37:35 INFO DAGScheduler: Missing parents: List(ShuffleMapStage 15)
17/10/12 21:37:35 INFO DAGScheduler: Submitting ShuffleMapStage 15 (MapPartitionsRDD[45] at mapPartitions at RandomForest.scala:534), which has no missing parents
17/10/12 21:37:35 INFO MemoryStore: Block broadcast_24 stored as values in memory (estimated size 49.6 KB, free 365.8 MB)
17/10/12 21:37:35 INFO MemoryStore: Block broadcast_24_piece0 stored as bytes in memory (estimated size 19.6 KB, free 365.7 MB)
17/10/12 21:37:35 INFO BlockManagerInfo: Added broadcast_24_piece0 in memory on 172.27.154.144:38908 (size: 19.6 KB, free: 366.2 MB)
17/10/12 21:37:35 INFO SparkContext: Created broadcast 24 from broadcast at DAGScheduler.scala:996
17/10/12 21:37:35 INFO DAGScheduler: Submitting 1 missing tasks from ShuffleMapStage 15 (MapPartitionsRDD[45] at mapPartitions at RandomForest.scala:534)
17/10/12 21:37:35 INFO TaskSchedulerImpl: Adding task set 15.0 with 1 tasks
17/10/12 21:37:35 INFO TaskSetManager: Starting task 0.0 in stage 15.0 (TID 22, localhost, executor driver, partition 0, PROCESS_LOCAL, 6621 bytes)
17/10/12 21:37:35 INFO Executor: Running task 0.0 in stage 15.0 (TID 22)
17/10/12 21:37:35 INFO BlockManager: Found block rdd_35_0 locally
17/10/12 21:37:35 INFO Executor: Finished task 0.0 in stage 15.0 (TID 22). 2056 bytes result sent to driver
17/10/12 21:37:35 INFO TaskSetManager: Finished task 0.0 in stage 15.0 (TID 22) in 10 ms on localhost (executor driver) (1/1)
17/10/12 21:37:35 INFO TaskSchedulerImpl: Removed TaskSet 15.0, whose tasks have all completed, from pool 
17/10/12 21:37:35 INFO DAGScheduler: ShuffleMapStage 15 (mapPartitions at RandomForest.scala:534) finished in 0.011 s
17/10/12 21:37:35 INFO DAGScheduler: looking for newly runnable stages
17/10/12 21:37:35 INFO DAGScheduler: running: Set()
17/10/12 21:37:35 INFO DAGScheduler: waiting: Set(ResultStage 16)
17/10/12 21:37:35 INFO DAGScheduler: failed: Set()
17/10/12 21:37:35 INFO DAGScheduler: Submitting ResultStage 16 (MapPartitionsRDD[47] at map at RandomForest.scala:553), which has no missing parents
17/10/12 21:37:35 INFO MemoryStore: Block broadcast_25 stored as values in memory (estimated size 8.2 KB, free 365.7 MB)
17/10/12 21:37:35 INFO MemoryStore: Block broadcast_25_piece0 stored as bytes in memory (estimated size 3.6 KB, free 365.7 MB)
17/10/12 21:37:35 INFO BlockManagerInfo: Added broadcast_25_piece0 in memory on 172.27.154.144:38908 (size: 3.6 KB, free: 366.2 MB)
17/10/12 21:37:35 INFO SparkContext: Created broadcast 25 from broadcast at DAGScheduler.scala:996
17/10/12 21:37:35 INFO DAGScheduler: Submitting 1 missing tasks from ResultStage 16 (MapPartitionsRDD[47] at map at RandomForest.scala:553)
17/10/12 21:37:35 INFO TaskSchedulerImpl: Adding task set 16.0 with 1 tasks
17/10/12 21:37:35 INFO TaskSetManager: Starting task 0.0 in stage 16.0 (TID 23, localhost, executor driver, partition 0, ANY, 5852 bytes)
17/10/12 21:37:35 INFO Executor: Running task 0.0 in stage 16.0 (TID 23)
17/10/12 21:37:35 INFO ShuffleBlockFetcherIterator: Getting 1 non-empty blocks out of 1 blocks
17/10/12 21:37:35 INFO ShuffleBlockFetcherIterator: Started 0 remote fetches in 0 ms
17/10/12 21:37:35 INFO Executor: Finished task 0.0 in stage 16.0 (TID 23). 7172 bytes result sent to driver
17/10/12 21:37:35 INFO TaskSetManager: Finished task 0.0 in stage 16.0 (TID 23) in 10 ms on localhost (executor driver) (1/1)
17/10/12 21:37:35 INFO TaskSchedulerImpl: Removed TaskSet 16.0, whose tasks have all completed, from pool 
17/10/12 21:37:35 INFO DAGScheduler: ResultStage 16 (collectAsMap at RandomForest.scala:563) finished in 0.011 s
17/10/12 21:37:35 INFO DAGScheduler: Job 10 finished: collectAsMap at RandomForest.scala:563, took 0.030003 s
17/10/12 21:37:35 INFO MemoryStore: Block broadcast_26 stored as values in memory (estimated size 1920.0 B, free 365.7 MB)
17/10/12 21:37:35 INFO MemoryStore: Block broadcast_26_piece0 stored as bytes in memory (estimated size 473.0 B, free 365.7 MB)
17/10/12 21:37:35 INFO BlockManagerInfo: Added broadcast_26_piece0 in memory on 172.27.154.144:38908 (size: 473.0 B, free: 366.2 MB)
17/10/12 21:37:35 INFO SparkContext: Created broadcast 26 from broadcast at RandomForest.scala:513
17/10/12 21:37:35 INFO SparkContext: Starting job: collectAsMap at RandomForest.scala:563
17/10/12 21:37:35 INFO DAGScheduler: Registering RDD 48 (mapPartitions at RandomForest.scala:534)
17/10/12 21:37:35 INFO DAGScheduler: Got job 11 (collectAsMap at RandomForest.scala:563) with 1 output partitions
17/10/12 21:37:35 INFO DAGScheduler: Final stage: ResultStage 18 (collectAsMap at RandomForest.scala:563)
17/10/12 21:37:35 INFO DAGScheduler: Parents of final stage: List(ShuffleMapStage 17)
17/10/12 21:37:35 INFO DAGScheduler: Missing parents: List(ShuffleMapStage 17)
17/10/12 21:37:35 INFO DAGScheduler: Submitting ShuffleMapStage 17 (MapPartitionsRDD[48] at mapPartitions at RandomForest.scala:534), which has no missing parents
17/10/12 21:37:35 INFO MemoryStore: Block broadcast_27 stored as values in memory (estimated size 54.8 KB, free 365.7 MB)
17/10/12 21:37:35 INFO MemoryStore: Block broadcast_27_piece0 stored as bytes in memory (estimated size 20.6 KB, free 365.6 MB)
17/10/12 21:37:35 INFO BlockManagerInfo: Added broadcast_27_piece0 in memory on 172.27.154.144:38908 (size: 20.6 KB, free: 366.2 MB)
17/10/12 21:37:35 INFO SparkContext: Created broadcast 27 from broadcast at DAGScheduler.scala:996
17/10/12 21:37:35 INFO DAGScheduler: Submitting 1 missing tasks from ShuffleMapStage 17 (MapPartitionsRDD[48] at mapPartitions at RandomForest.scala:534)
17/10/12 21:37:35 INFO TaskSchedulerImpl: Adding task set 17.0 with 1 tasks
17/10/12 21:37:35 INFO TaskSetManager: Starting task 0.0 in stage 17.0 (TID 24, localhost, executor driver, partition 0, PROCESS_LOCAL, 6621 bytes)
17/10/12 21:37:35 INFO Executor: Running task 0.0 in stage 17.0 (TID 24)
17/10/12 21:37:35 INFO BlockManager: Found block rdd_35_0 locally
17/10/12 21:37:35 INFO Executor: Finished task 0.0 in stage 17.0 (TID 24). 2056 bytes result sent to driver
17/10/12 21:37:35 INFO TaskSetManager: Finished task 0.0 in stage 17.0 (TID 24) in 9 ms on localhost (executor driver) (1/1)
17/10/12 21:37:35 INFO TaskSchedulerImpl: Removed TaskSet 17.0, whose tasks have all completed, from pool 
17/10/12 21:37:35 INFO DAGScheduler: ShuffleMapStage 17 (mapPartitions at RandomForest.scala:534) finished in 0.009 s
17/10/12 21:37:35 INFO DAGScheduler: looking for newly runnable stages
17/10/12 21:37:35 INFO DAGScheduler: running: Set()
17/10/12 21:37:35 INFO DAGScheduler: waiting: Set(ResultStage 18)
17/10/12 21:37:35 INFO DAGScheduler: failed: Set()
17/10/12 21:37:35 INFO DAGScheduler: Submitting ResultStage 18 (MapPartitionsRDD[50] at map at RandomForest.scala:553), which has no missing parents
17/10/12 21:37:35 INFO MemoryStore: Block broadcast_28 stored as values in memory (estimated size 7.5 KB, free 365.6 MB)
17/10/12 21:37:35 INFO MemoryStore: Block broadcast_28_piece0 stored as bytes in memory (estimated size 3.4 KB, free 365.6 MB)
17/10/12 21:37:35 INFO BlockManagerInfo: Added broadcast_28_piece0 in memory on 172.27.154.144:38908 (size: 3.4 KB, free: 366.2 MB)
17/10/12 21:37:35 INFO SparkContext: Created broadcast 28 from broadcast at DAGScheduler.scala:996
17/10/12 21:37:35 INFO DAGScheduler: Submitting 1 missing tasks from ResultStage 18 (MapPartitionsRDD[50] at map at RandomForest.scala:553)
17/10/12 21:37:35 INFO TaskSchedulerImpl: Adding task set 18.0 with 1 tasks
17/10/12 21:37:35 INFO TaskSetManager: Starting task 0.0 in stage 18.0 (TID 25, localhost, executor driver, partition 0, ANY, 5852 bytes)
17/10/12 21:37:35 INFO Executor: Running task 0.0 in stage 18.0 (TID 25)
17/10/12 21:37:35 INFO ShuffleBlockFetcherIterator: Getting 1 non-empty blocks out of 1 blocks
17/10/12 21:37:35 INFO ShuffleBlockFetcherIterator: Started 0 remote fetches in 0 ms
17/10/12 21:37:35 INFO Executor: Finished task 0.0 in stage 18.0 (TID 25). 4908 bytes result sent to driver
17/10/12 21:37:35 INFO TaskSetManager: Finished task 0.0 in stage 18.0 (TID 25) in 7 ms on localhost (executor driver) (1/1)
17/10/12 21:37:35 INFO TaskSchedulerImpl: Removed TaskSet 18.0, whose tasks have all completed, from pool 
17/10/12 21:37:35 INFO DAGScheduler: ResultStage 18 (collectAsMap at RandomForest.scala:563) finished in 0.007 s
17/10/12 21:37:35 INFO DAGScheduler: Job 11 finished: collectAsMap at RandomForest.scala:563, took 0.023768 s
17/10/12 21:37:35 INFO MapPartitionsRDD: Removing RDD 35 from persistence list
17/10/12 21:37:35 INFO BlockManager: Removing RDD 35
17/10/12 21:37:35 INFO RandomForest: Internal timing for DecisionTree:
17/10/12 21:37:35 INFO RandomForest:   init: 0.729570406
  total: 1.061669263
  findSplits: 0.64232818
  findBestSplits: 0.316949603
  chooseSplits: 0.31199798
17/10/12 21:37:35 INFO SparkContext: Starting job: first at RandomForestClassifier.scala:140
17/10/12 21:37:35 INFO DAGScheduler: Got job 12 (first at RandomForestClassifier.scala:140) with 1 output partitions
17/10/12 21:37:35 INFO DAGScheduler: Final stage: ResultStage 19 (first at RandomForestClassifier.scala:140)
17/10/12 21:37:35 INFO DAGScheduler: Parents of final stage: List()
17/10/12 21:37:35 INFO DAGScheduler: Missing parents: List()
17/10/12 21:37:35 INFO DAGScheduler: Submitting ResultStage 19 (MapPartitionsRDD[27] at map at Classifier.scala:82), which has no missing parents
17/10/12 21:37:35 INFO MemoryStore: Block broadcast_29 stored as values in memory (estimated size 27.0 KB, free 365.6 MB)
17/10/12 21:37:35 INFO MemoryStore: Block broadcast_29_piece0 stored as bytes in memory (estimated size 11.8 KB, free 365.6 MB)
17/10/12 21:37:35 INFO BlockManagerInfo: Added broadcast_29_piece0 in memory on 172.27.154.144:38908 (size: 11.8 KB, free: 366.2 MB)
17/10/12 21:37:35 INFO SparkContext: Created broadcast 29 from broadcast at DAGScheduler.scala:996
17/10/12 21:37:35 INFO DAGScheduler: Submitting 1 missing tasks from ResultStage 19 (MapPartitionsRDD[27] at map at Classifier.scala:82)
17/10/12 21:37:35 INFO TaskSchedulerImpl: Adding task set 19.0 with 1 tasks
17/10/12 21:37:35 INFO TaskSetManager: Starting task 0.0 in stage 19.0 (TID 26, localhost, executor driver, partition 0, PROCESS_LOCAL, 6625 bytes)
17/10/12 21:37:35 INFO Executor: Running task 0.0 in stage 19.0 (TID 26)
17/10/12 21:37:35 INFO FileScanRDD: Reading File path: file:///home/host0/Desktop/wf_project/wells_fargo_data_mining/data/test.libsvm, range: 0-1078, partition values: [empty row]
17/10/12 21:37:35 INFO Executor: Finished task 0.0 in stage 19.0 (TID 26). 1833 bytes result sent to driver
17/10/12 21:37:35 INFO TaskSetManager: Finished task 0.0 in stage 19.0 (TID 26) in 10 ms on localhost (executor driver) (1/1)
17/10/12 21:37:35 INFO TaskSchedulerImpl: Removed TaskSet 19.0, whose tasks have all completed, from pool 
17/10/12 21:37:35 INFO DAGScheduler: ResultStage 19 (first at RandomForestClassifier.scala:140) finished in 0.010 s
17/10/12 21:37:35 INFO DAGScheduler: Job 12 finished: first at RandomForestClassifier.scala:140, took 0.014594 s
17/10/12 21:37:35 INFO Instrumentation: RandomForestClassifier-RandomForestClassifier_463d8f60eeb8bdfa4199-1754586155-1: training finished
17/10/12 21:37:35 INFO SparkContext: Starting job: runJob at PythonRDD.scala:441
17/10/12 21:37:35 INFO DAGScheduler: Got job 13 (runJob at PythonRDD.scala:441) with 1 output partitions
17/10/12 21:37:35 INFO DAGScheduler: Final stage: ResultStage 20 (runJob at PythonRDD.scala:441)
17/10/12 21:37:35 INFO DAGScheduler: Parents of final stage: List()
17/10/12 21:37:35 INFO DAGScheduler: Missing parents: List()
17/10/12 21:37:35 INFO DAGScheduler: Submitting ResultStage 20 (PythonRDD[52] at RDD at PythonRDD.scala:48), which has no missing parents
17/10/12 21:37:35 INFO MemoryStore: Block broadcast_30 stored as values in memory (estimated size 4.2 KB, free 365.6 MB)
17/10/12 21:37:35 INFO MemoryStore: Block broadcast_30_piece0 stored as bytes in memory (estimated size 2.8 KB, free 365.6 MB)
17/10/12 21:37:35 INFO BlockManagerInfo: Added broadcast_30_piece0 in memory on 172.27.154.144:38908 (size: 2.8 KB, free: 366.2 MB)
17/10/12 21:37:35 INFO SparkContext: Created broadcast 30 from broadcast at DAGScheduler.scala:996
17/10/12 21:37:35 INFO DAGScheduler: Submitting 1 missing tasks from ResultStage 20 (PythonRDD[52] at RDD at PythonRDD.scala:48)
17/10/12 21:37:35 INFO TaskSchedulerImpl: Adding task set 20.0 with 1 tasks
17/10/12 21:37:35 INFO TaskSetManager: Starting task 0.0 in stage 20.0 (TID 27, localhost, executor driver, partition 0, PROCESS_LOCAL, 5951 bytes)
17/10/12 21:37:35 INFO Executor: Running task 0.0 in stage 20.0 (TID 27)
17/10/12 21:37:35 INFO PythonRunner: Times: total = 151, boot = 146, init = 5, finish = 0
17/10/12 21:37:35 INFO Executor: Finished task 0.0 in stage 20.0 (TID 27). 1539 bytes result sent to driver
17/10/12 21:37:35 INFO TaskSetManager: Finished task 0.0 in stage 20.0 (TID 27) in 157 ms on localhost (executor driver) (1/1)
17/10/12 21:37:35 INFO TaskSchedulerImpl: Removed TaskSet 20.0, whose tasks have all completed, from pool 
17/10/12 21:37:35 INFO DAGScheduler: ResultStage 20 (runJob at PythonRDD.scala:441) finished in 0.159 s
17/10/12 21:37:35 INFO DAGScheduler: Job 13 finished: runJob at PythonRDD.scala:441, took 0.166844 s
17/10/12 21:37:35 INFO SparkContext: Starting job: runJob at PythonRDD.scala:441
17/10/12 21:37:35 INFO DAGScheduler: Got job 14 (runJob at PythonRDD.scala:441) with 4 output partitions
17/10/12 21:37:35 INFO DAGScheduler: Final stage: ResultStage 21 (runJob at PythonRDD.scala:441)
17/10/12 21:37:35 INFO DAGScheduler: Parents of final stage: List()
17/10/12 21:37:35 INFO DAGScheduler: Missing parents: List()
17/10/12 21:37:35 INFO DAGScheduler: Submitting ResultStage 21 (PythonRDD[53] at RDD at PythonRDD.scala:48), which has no missing parents
17/10/12 21:37:35 INFO MemoryStore: Block broadcast_31 stored as values in memory (estimated size 4.2 KB, free 365.6 MB)
17/10/12 21:37:35 INFO MemoryStore: Block broadcast_31_piece0 stored as bytes in memory (estimated size 2.8 KB, free 365.6 MB)
17/10/12 21:37:35 INFO BlockManagerInfo: Added broadcast_31_piece0 in memory on 172.27.154.144:38908 (size: 2.8 KB, free: 366.1 MB)
17/10/12 21:37:35 INFO SparkContext: Created broadcast 31 from broadcast at DAGScheduler.scala:996
17/10/12 21:37:35 INFO DAGScheduler: Submitting 4 missing tasks from ResultStage 21 (PythonRDD[53] at RDD at PythonRDD.scala:48)
17/10/12 21:37:35 INFO TaskSchedulerImpl: Adding task set 21.0 with 4 tasks
17/10/12 21:37:35 INFO TaskSetManager: Starting task 0.0 in stage 21.0 (TID 28, localhost, executor driver, partition 1, PROCESS_LOCAL, 5951 bytes)
17/10/12 21:37:35 INFO TaskSetManager: Starting task 1.0 in stage 21.0 (TID 29, localhost, executor driver, partition 2, PROCESS_LOCAL, 5951 bytes)
17/10/12 21:37:35 INFO TaskSetManager: Starting task 2.0 in stage 21.0 (TID 30, localhost, executor driver, partition 3, PROCESS_LOCAL, 5951 bytes)
17/10/12 21:37:35 INFO TaskSetManager: Starting task 3.0 in stage 21.0 (TID 31, localhost, executor driver, partition 4, PROCESS_LOCAL, 5951 bytes)
17/10/12 21:37:35 INFO Executor: Running task 1.0 in stage 21.0 (TID 29)
17/10/12 21:37:35 INFO Executor: Running task 0.0 in stage 21.0 (TID 28)
17/10/12 21:37:35 INFO Executor: Running task 3.0 in stage 21.0 (TID 31)
17/10/12 21:37:35 INFO Executor: Running task 2.0 in stage 21.0 (TID 30)
17/10/12 21:37:35 INFO PythonRunner: Times: total = 3, boot = 2, init = 1, finish = 0
17/10/12 21:37:35 INFO Executor: Finished task 2.0 in stage 21.0 (TID 30). 1539 bytes result sent to driver
17/10/12 21:37:35 INFO PythonRunner: Times: total = 7, boot = 3, init = 4, finish = 0
17/10/12 21:37:35 INFO TaskSetManager: Finished task 2.0 in stage 21.0 (TID 30) in 11 ms on localhost (executor driver) (1/4)
17/10/12 21:37:35 INFO Executor: Finished task 3.0 in stage 21.0 (TID 31). 1539 bytes result sent to driver
17/10/12 21:37:35 INFO TaskSetManager: Finished task 3.0 in stage 21.0 (TID 31) in 13 ms on localhost (executor driver) (2/4)
17/10/12 21:37:35 INFO PythonRunner: Times: total = 11, boot = 7, init = 4, finish = 0
17/10/12 21:37:35 INFO Executor: Finished task 0.0 in stage 21.0 (TID 28). 1539 bytes result sent to driver
17/10/12 21:37:35 INFO TaskSetManager: Finished task 0.0 in stage 21.0 (TID 28) in 17 ms on localhost (executor driver) (3/4)
17/10/12 21:37:35 INFO PythonRunner: Times: total = 39, boot = -8, init = 47, finish = 0
17/10/12 21:37:35 INFO Executor: Finished task 1.0 in stage 21.0 (TID 29). 1539 bytes result sent to driver
17/10/12 21:37:35 INFO TaskSetManager: Finished task 1.0 in stage 21.0 (TID 29) in 43 ms on localhost (executor driver) (4/4)
17/10/12 21:37:35 INFO TaskSchedulerImpl: Removed TaskSet 21.0, whose tasks have all completed, from pool 
17/10/12 21:37:35 INFO DAGScheduler: ResultStage 21 (runJob at PythonRDD.scala:441) finished in 0.043 s
17/10/12 21:37:35 INFO DAGScheduler: Job 14 finished: runJob at PythonRDD.scala:441, took 0.047061 s
17/10/12 21:37:35 INFO SparkContext: Starting job: runJob at PythonRDD.scala:441
17/10/12 21:37:35 INFO DAGScheduler: Got job 15 (runJob at PythonRDD.scala:441) with 3 output partitions
17/10/12 21:37:35 INFO DAGScheduler: Final stage: ResultStage 22 (runJob at PythonRDD.scala:441)
17/10/12 21:37:35 INFO DAGScheduler: Parents of final stage: List()
17/10/12 21:37:35 INFO DAGScheduler: Missing parents: List()
17/10/12 21:37:35 INFO DAGScheduler: Submitting ResultStage 22 (PythonRDD[54] at RDD at PythonRDD.scala:48), which has no missing parents
17/10/12 21:37:35 INFO MemoryStore: Block broadcast_32 stored as values in memory (estimated size 4.2 KB, free 365.6 MB)
17/10/12 21:37:35 INFO MemoryStore: Block broadcast_32_piece0 stored as bytes in memory (estimated size 2.8 KB, free 365.6 MB)
17/10/12 21:37:35 INFO BlockManagerInfo: Added broadcast_32_piece0 in memory on 172.27.154.144:38908 (size: 2.8 KB, free: 366.1 MB)
17/10/12 21:37:35 INFO SparkContext: Created broadcast 32 from broadcast at DAGScheduler.scala:996
17/10/12 21:37:35 INFO DAGScheduler: Submitting 3 missing tasks from ResultStage 22 (PythonRDD[54] at RDD at PythonRDD.scala:48)
17/10/12 21:37:35 INFO TaskSchedulerImpl: Adding task set 22.0 with 3 tasks
17/10/12 21:37:35 INFO TaskSetManager: Starting task 0.0 in stage 22.0 (TID 32, localhost, executor driver, partition 5, PROCESS_LOCAL, 5951 bytes)
17/10/12 21:37:35 INFO TaskSetManager: Starting task 1.0 in stage 22.0 (TID 33, localhost, executor driver, partition 6, PROCESS_LOCAL, 5951 bytes)
17/10/12 21:37:35 INFO TaskSetManager: Starting task 2.0 in stage 22.0 (TID 34, localhost, executor driver, partition 7, PROCESS_LOCAL, 6126 bytes)
17/10/12 21:37:35 INFO Executor: Running task 0.0 in stage 22.0 (TID 32)
17/10/12 21:37:35 INFO Executor: Running task 1.0 in stage 22.0 (TID 33)
17/10/12 21:37:35 INFO Executor: Running task 2.0 in stage 22.0 (TID 34)
17/10/12 21:37:35 INFO PythonRunner: Times: total = 40, boot = -36, init = 76, finish = 0
17/10/12 21:37:35 INFO Executor: Finished task 1.0 in stage 22.0 (TID 33). 1539 bytes result sent to driver
17/10/12 21:37:35 INFO TaskSetManager: Finished task 1.0 in stage 22.0 (TID 33) in 43 ms on localhost (executor driver) (1/3)
17/10/12 21:37:35 INFO PythonRunner: Times: total = 40, boot = -38, init = 78, finish = 0
17/10/12 21:37:35 INFO Executor: Finished task 0.0 in stage 22.0 (TID 32). 1539 bytes result sent to driver
17/10/12 21:37:35 INFO TaskSetManager: Finished task 0.0 in stage 22.0 (TID 32) in 47 ms on localhost (executor driver) (2/3)
17/10/12 21:37:35 INFO PythonRunner: Times: total = 61, boot = -32, init = 71, finish = 22
17/10/12 21:37:35 INFO Executor: Finished task 2.0 in stage 22.0 (TID 34). 1727 bytes result sent to driver
17/10/12 21:37:35 INFO TaskSetManager: Finished task 2.0 in stage 22.0 (TID 34) in 65 ms on localhost (executor driver) (3/3)
17/10/12 21:37:35 INFO TaskSchedulerImpl: Removed TaskSet 22.0, whose tasks have all completed, from pool 
17/10/12 21:37:35 INFO DAGScheduler: ResultStage 22 (runJob at PythonRDD.scala:441) finished in 0.067 s
17/10/12 21:37:35 INFO DAGScheduler: Job 15 finished: runJob at PythonRDD.scala:441, took 0.069533 s
17/10/12 21:37:35 INFO StringIndexerModel: Input column label does not exist during transformation. Skip StringIndexerModel.
17/10/12 21:37:36 INFO CodeGenerator: Code generated in 43.419234 ms
17/10/12 21:37:36 INFO SparkContext: Starting job: toPandas at /home/host0/Desktop/wf_project/wells_fargo_data_mining/ml_model/random_forest.py:40
17/10/12 21:37:36 INFO DAGScheduler: Got job 16 (toPandas at /home/host0/Desktop/wf_project/wells_fargo_data_mining/ml_model/random_forest.py:40) with 8 output partitions
17/10/12 21:37:36 INFO DAGScheduler: Final stage: ResultStage 23 (toPandas at /home/host0/Desktop/wf_project/wells_fargo_data_mining/ml_model/random_forest.py:40)
17/10/12 21:37:36 INFO DAGScheduler: Parents of final stage: List()
17/10/12 21:37:36 INFO DAGScheduler: Missing parents: List()
17/10/12 21:37:36 INFO DAGScheduler: Submitting ResultStage 23 (MapPartitionsRDD[61] at toPandas at /home/host0/Desktop/wf_project/wells_fargo_data_mining/ml_model/random_forest.py:40), which has no missing parents
17/10/12 21:37:36 INFO MemoryStore: Block broadcast_33 stored as values in memory (estimated size 92.6 KB, free 365.5 MB)
17/10/12 21:37:36 INFO MemoryStore: Block broadcast_33_piece0 stored as bytes in memory (estimated size 29.8 KB, free 365.5 MB)
17/10/12 21:37:36 INFO BlockManagerInfo: Added broadcast_33_piece0 in memory on 172.27.154.144:38908 (size: 29.8 KB, free: 366.1 MB)
17/10/12 21:37:36 INFO SparkContext: Created broadcast 33 from broadcast at DAGScheduler.scala:996
17/10/12 21:37:36 INFO DAGScheduler: Submitting 8 missing tasks from ResultStage 23 (MapPartitionsRDD[61] at toPandas at /home/host0/Desktop/wf_project/wells_fargo_data_mining/ml_model/random_forest.py:40)
17/10/12 21:37:36 INFO TaskSchedulerImpl: Adding task set 23.0 with 8 tasks
17/10/12 21:37:36 INFO TaskSetManager: Starting task 0.0 in stage 23.0 (TID 35, localhost, executor driver, partition 0, PROCESS_LOCAL, 6181 bytes)
17/10/12 21:37:36 INFO TaskSetManager: Starting task 1.0 in stage 23.0 (TID 36, localhost, executor driver, partition 1, PROCESS_LOCAL, 6181 bytes)
17/10/12 21:37:36 INFO TaskSetManager: Starting task 2.0 in stage 23.0 (TID 37, localhost, executor driver, partition 2, PROCESS_LOCAL, 6181 bytes)
17/10/12 21:37:36 INFO TaskSetManager: Starting task 3.0 in stage 23.0 (TID 38, localhost, executor driver, partition 3, PROCESS_LOCAL, 6181 bytes)
17/10/12 21:37:36 INFO TaskSetManager: Starting task 4.0 in stage 23.0 (TID 39, localhost, executor driver, partition 4, PROCESS_LOCAL, 6181 bytes)
17/10/12 21:37:36 INFO TaskSetManager: Starting task 5.0 in stage 23.0 (TID 40, localhost, executor driver, partition 5, PROCESS_LOCAL, 6181 bytes)
17/10/12 21:37:36 INFO TaskSetManager: Starting task 6.0 in stage 23.0 (TID 41, localhost, executor driver, partition 6, PROCESS_LOCAL, 6181 bytes)
17/10/12 21:37:36 INFO TaskSetManager: Starting task 7.0 in stage 23.0 (TID 42, localhost, executor driver, partition 7, PROCESS_LOCAL, 6356 bytes)
17/10/12 21:37:36 INFO Executor: Running task 5.0 in stage 23.0 (TID 40)
17/10/12 21:37:36 INFO Executor: Running task 0.0 in stage 23.0 (TID 35)
17/10/12 21:37:36 INFO Executor: Running task 4.0 in stage 23.0 (TID 39)
17/10/12 21:37:36 INFO Executor: Running task 3.0 in stage 23.0 (TID 38)
17/10/12 21:37:36 INFO Executor: Running task 1.0 in stage 23.0 (TID 36)
17/10/12 21:37:36 INFO Executor: Running task 2.0 in stage 23.0 (TID 37)
17/10/12 21:37:36 INFO Executor: Running task 6.0 in stage 23.0 (TID 41)
17/10/12 21:37:36 INFO Executor: Running task 7.0 in stage 23.0 (TID 42)
17/10/12 21:37:36 INFO PythonRunner: Times: total = 27, boot = 3, init = 24, finish = 0
17/10/12 21:37:36 INFO Executor: Finished task 1.0 in stage 23.0 (TID 36). 1914 bytes result sent to driver
17/10/12 21:37:36 INFO TaskSetManager: Finished task 1.0 in stage 23.0 (TID 36) in 43 ms on localhost (executor driver) (1/8)
17/10/12 21:37:36 INFO PythonRunner: Times: total = 35, boot = 4, init = 31, finish = 0
17/10/12 21:37:36 INFO PythonRunner: Times: total = 31, boot = 3, init = 28, finish = 0
17/10/12 21:37:36 INFO Executor: Finished task 5.0 in stage 23.0 (TID 40). 1914 bytes result sent to driver
17/10/12 21:37:36 INFO TaskSetManager: Finished task 5.0 in stage 23.0 (TID 40) in 45 ms on localhost (executor driver) (2/8)
17/10/12 21:37:36 INFO Executor: Finished task 7.0 in stage 23.0 (TID 42). 2089 bytes result sent to driver
17/10/12 21:37:36 INFO TaskSetManager: Finished task 7.0 in stage 23.0 (TID 42) in 48 ms on localhost (executor driver) (3/8)
17/10/12 21:37:36 INFO PythonRunner: Times: total = 47, boot = 7, init = 40, finish = 0
17/10/12 21:37:36 INFO PythonRunner: Times: total = 51, boot = 6, init = 45, finish = 0
17/10/12 21:37:36 INFO PythonRunner: Times: total = 68, boot = -205, init = 273, finish = 0
17/10/12 21:37:36 INFO ContextCleaner: Cleaned accumulator 418
17/10/12 21:37:36 INFO ContextCleaner: Cleaned accumulator 419
17/10/12 21:37:36 INFO ContextCleaner: Cleaned accumulator 420
17/10/12 21:37:36 INFO Executor: Finished task 0.0 in stage 23.0 (TID 35). 1987 bytes result sent to driver
17/10/12 21:37:36 INFO Executor: Finished task 6.0 in stage 23.0 (TID 41). 1987 bytes result sent to driver
17/10/12 21:37:36 INFO Executor: Finished task 2.0 in stage 23.0 (TID 37). 1987 bytes result sent to driver
17/10/12 21:37:36 INFO BlockManagerInfo: Removed broadcast_9_piece0 on 172.27.154.144:38908 in memory (size: 14.7 KB, free: 366.1 MB)
17/10/12 21:37:36 INFO TaskSetManager: Finished task 6.0 in stage 23.0 (TID 41) in 79 ms on localhost (executor driver) (4/8)
17/10/12 21:37:36 INFO TaskSetManager: Finished task 2.0 in stage 23.0 (TID 37) in 80 ms on localhost (executor driver) (5/8)
17/10/12 21:37:36 INFO PythonRunner: Times: total = 74, boot = -205, init = 279, finish = 0
17/10/12 21:37:36 INFO TaskSetManager: Finished task 0.0 in stage 23.0 (TID 35) in 81 ms on localhost (executor driver) (6/8)
17/10/12 21:37:36 INFO BlockManager: Removing RDD 35
17/10/12 21:37:36 INFO ContextCleaner: Cleaned RDD 35
17/10/12 21:37:36 INFO Executor: Finished task 3.0 in stage 23.0 (TID 38). 1987 bytes result sent to driver
17/10/12 21:37:36 INFO BlockManagerInfo: Removed broadcast_14_piece0 on 172.27.154.144:38908 in memory (size: 398.0 B, free: 366.1 MB)
17/10/12 21:37:36 INFO TaskSetManager: Finished task 3.0 in stage 23.0 (TID 38) in 82 ms on localhost (executor driver) (7/8)
17/10/12 21:37:36 INFO ContextCleaner: Cleaned shuffle 2
17/10/12 21:37:36 INFO BlockManagerInfo: Removed broadcast_15_piece0 on 172.27.154.144:38908 in memory (size: 14.3 KB, free: 366.1 MB)
17/10/12 21:37:36 INFO BlockManagerInfo: Removed broadcast_16_piece0 on 172.27.154.144:38908 in memory (size: 2.8 KB, free: 366.1 MB)
17/10/12 21:37:36 INFO BlockManagerInfo: Removed broadcast_17_piece0 on 172.27.154.144:38908 in memory (size: 501.0 B, free: 366.1 MB)
17/10/12 21:37:36 INFO ContextCleaner: Cleaned shuffle 3
17/10/12 21:37:36 INFO BlockManagerInfo: Removed broadcast_18_piece0 on 172.27.154.144:38908 in memory (size: 15.9 KB, free: 366.2 MB)
17/10/12 21:37:36 INFO BlockManagerInfo: Removed broadcast_19_piece0 on 172.27.154.144:38908 in memory (size: 3.6 KB, free: 366.2 MB)
17/10/12 21:37:36 INFO BlockManagerInfo: Removed broadcast_20_piece0 on 172.27.154.144:38908 in memory (size: 560.0 B, free: 366.2 MB)
17/10/12 21:37:36 INFO ContextCleaner: Cleaned shuffle 4
17/10/12 21:37:36 INFO BlockManagerInfo: Removed broadcast_21_piece0 on 172.27.154.144:38908 in memory (size: 17.8 KB, free: 366.2 MB)
17/10/12 21:37:36 INFO BlockManagerInfo: Removed broadcast_22_piece0 on 172.27.154.144:38908 in memory (size: 3.7 KB, free: 366.2 MB)
17/10/12 21:37:36 INFO BlockManagerInfo: Removed broadcast_23_piece0 on 172.27.154.144:38908 in memory (size: 539.0 B, free: 366.2 MB)
17/10/12 21:37:36 INFO ContextCleaner: Cleaned shuffle 5
17/10/12 21:37:36 INFO BlockManagerInfo: Removed broadcast_24_piece0 on 172.27.154.144:38908 in memory (size: 19.6 KB, free: 366.2 MB)
17/10/12 21:37:36 INFO BlockManagerInfo: Removed broadcast_25_piece0 on 172.27.154.144:38908 in memory (size: 3.6 KB, free: 366.2 MB)
17/10/12 21:37:36 INFO BlockManagerInfo: Removed broadcast_26_piece0 on 172.27.154.144:38908 in memory (size: 473.0 B, free: 366.2 MB)
17/10/12 21:37:36 INFO ContextCleaner: Cleaned shuffle 6
17/10/12 21:37:36 INFO BlockManagerInfo: Removed broadcast_27_piece0 on 172.27.154.144:38908 in memory (size: 20.6 KB, free: 366.2 MB)
17/10/12 21:37:36 INFO PythonRunner: Times: total = 86, boot = -261, init = 347, finish = 0
17/10/12 21:37:36 INFO BlockManagerInfo: Removed broadcast_28_piece0 on 172.27.154.144:38908 in memory (size: 3.4 KB, free: 366.2 MB)
17/10/12 21:37:36 INFO BlockManagerInfo: Removed broadcast_29_piece0 on 172.27.154.144:38908 in memory (size: 11.8 KB, free: 366.2 MB)
17/10/12 21:37:36 INFO Executor: Finished task 4.0 in stage 23.0 (TID 39). 1987 bytes result sent to driver
17/10/12 21:37:36 INFO BlockManagerInfo: Removed broadcast_30_piece0 on 172.27.154.144:38908 in memory (size: 2.8 KB, free: 366.3 MB)
17/10/12 21:37:36 INFO TaskSetManager: Finished task 4.0 in stage 23.0 (TID 39) in 93 ms on localhost (executor driver) (8/8)
17/10/12 21:37:36 INFO TaskSchedulerImpl: Removed TaskSet 23.0, whose tasks have all completed, from pool 
17/10/12 21:37:36 INFO DAGScheduler: ResultStage 23 (toPandas at /home/host0/Desktop/wf_project/wells_fargo_data_mining/ml_model/random_forest.py:40) finished in 0.096 s
17/10/12 21:37:36 INFO BlockManagerInfo: Removed broadcast_31_piece0 on 172.27.154.144:38908 in memory (size: 2.8 KB, free: 366.3 MB)
17/10/12 21:37:36 INFO DAGScheduler: Job 16 finished: toPandas at /home/host0/Desktop/wf_project/wells_fargo_data_mining/ml_model/random_forest.py:40, took 0.099603 s
17/10/12 21:37:36 INFO BlockManagerInfo: Removed broadcast_32_piece0 on 172.27.154.144:38908 in memory (size: 2.8 KB, free: 366.3 MB)
17/10/12 21:37:36 INFO SparkContext: Invoking stop() from shutdown hook
17/10/12 21:37:36 INFO SparkUI: Stopped Spark web UI at http://172.27.154.144:4040
17/10/12 21:37:36 INFO MapOutputTrackerMasterEndpoint: MapOutputTrackerMasterEndpoint stopped!
17/10/12 21:37:36 INFO MemoryStore: MemoryStore cleared
17/10/12 21:37:36 INFO BlockManager: BlockManager stopped
17/10/12 21:37:36 INFO BlockManagerMaster: BlockManagerMaster stopped
17/10/12 21:37:36 INFO OutputCommitCoordinator$OutputCommitCoordinatorEndpoint: OutputCommitCoordinator stopped!
17/10/12 21:37:36 INFO SparkContext: Successfully stopped SparkContext
17/10/12 21:37:36 INFO ShutdownHookManager: Shutdown hook called
17/10/12 21:37:36 INFO ShutdownHookManager: Deleting directory /tmp/spark-1a65cb43-89b5-4622-99ea-bccf36246238
17/10/12 21:37:36 INFO ShutdownHookManager: Deleting directory /tmp/spark-1a65cb43-89b5-4622-99ea-bccf36246238/pyspark-d8a012b8-3036-423d-8d72-3b10dd9719ec
